[debug] [2020-05-30T17:53:12.590Z] ----------------------------------------------------------------------
[debug] [2020-05-30T17:53:12.593Z] Command:       /usr/local/bin/node /usr/local/bin/firebase deploy
[debug] [2020-05-30T17:53:12.593Z] CLI Version:   8.3.0
[debug] [2020-05-30T17:53:12.593Z] Platform:      darwin
[debug] [2020-05-30T17:53:12.593Z] Node Version:  v12.16.0
[debug] [2020-05-30T17:53:12.608Z] Time:          Sat May 30 2020 20:53:12 GMT+0300 (GMT+03:00)
[debug] [2020-05-30T17:53:12.608Z] ----------------------------------------------------------------------
[debug] [2020-05-30T17:53:12.608Z] 
[debug] [2020-05-30T17:53:12.631Z] > command requires scopes: ["email","openid","https://www.googleapis.com/auth/cloudplatformprojects.readonly","https://www.googleapis.com/auth/firebase","https://www.googleapis.com/auth/cloud-platform"]
[debug] [2020-05-30T17:53:12.632Z] > authorizing via signed-in user
[debug] [2020-05-30T17:53:12.632Z] [iam] checking project gwent-deckbuilder for permissions ["firebase.projects.get","firebasehosting.sites.update"]
[debug] [2020-05-30T17:53:12.635Z] > refreshing access token with scopes: ["email","https://www.googleapis.com/auth/cloud-platform","https://www.googleapis.com/auth/cloudplatformprojects.readonly","https://www.googleapis.com/auth/firebase","openid"]
[debug] [2020-05-30T17:53:12.635Z] >>> HTTP REQUEST POST https://www.googleapis.com/oauth2/v3/token  
 <request body omitted>
[debug] [2020-05-30T17:53:13.565Z] <<< HTTP RESPONSE 200 {"content-type":"application/json; charset=utf-8","vary":"X-Origin, Referer, Origin,Accept-Encoding","date":"Sat, 30 May 2020 17:53:13 GMT","server":"scaffolding on HTTPServer2","cache-control":"private","x-xss-protection":"0","x-frame-options":"SAMEORIGIN","x-content-type-options":"nosniff","alt-svc":"h3-27=\":443\"; ma=2592000,h3-25=\":443\"; ma=2592000,h3-T050=\":443\"; ma=2592000,h3-Q050=\":443\"; ma=2592000,h3-Q049=\":443\"; ma=2592000,h3-Q048=\":443\"; ma=2592000,h3-Q046=\":443\"; ma=2592000,h3-Q043=\":443\"; ma=2592000,quic=\":443\"; ma=2592000; v=\"46,43\"","accept-ranges":"none","transfer-encoding":"chunked"}
[debug] [2020-05-30T17:53:13.583Z] >>> HTTP REQUEST POST https://cloudresourcemanager.googleapis.com/v1/projects/gwent-deckbuilder:testIamPermissions  
 {"permissions":["firebase.projects.get","firebasehosting.sites.update"]}
[debug] [2020-05-30T17:53:15.139Z] <<< HTTP RESPONSE 200 {"content-type":"application/json; charset=UTF-8","vary":"X-Origin, Referer, Origin,Accept-Encoding","date":"Sat, 30 May 2020 17:53:14 GMT","server":"ESF","cache-control":"private","x-xss-protection":"0","x-frame-options":"SAMEORIGIN","x-content-type-options":"nosniff","server-timing":"gfet4t7; dur=718","alt-svc":"h3-27=\":443\"; ma=2592000,h3-25=\":443\"; ma=2592000,h3-T050=\":443\"; ma=2592000,h3-Q050=\":443\"; ma=2592000,h3-Q049=\":443\"; ma=2592000,h3-Q048=\":443\"; ma=2592000,h3-Q046=\":443\"; ma=2592000,h3-Q043=\":443\"; ma=2592000,quic=\":443\"; ma=2592000; v=\"46,43\"","accept-ranges":"none","transfer-encoding":"chunked"}
[debug] [2020-05-30T17:53:15.141Z] >>> HTTP REQUEST GET https://firebase.googleapis.com/v1beta1/projects/gwent-deckbuilder  
 
[debug] [2020-05-30T17:53:15.837Z] <<< HTTP RESPONSE 200 {"content-type":"application/json; charset=UTF-8","vary":"X-Origin, Referer, Origin,Accept-Encoding","date":"Sat, 30 May 2020 17:53:15 GMT","server":"ESF","cache-control":"private","x-xss-protection":"0","x-frame-options":"SAMEORIGIN","x-content-type-options":"nosniff","alt-svc":"h3-27=\":443\"; ma=2592000,h3-25=\":443\"; ma=2592000,h3-T050=\":443\"; ma=2592000,h3-Q050=\":443\"; ma=2592000,h3-Q049=\":443\"; ma=2592000,h3-Q048=\":443\"; ma=2592000,h3-Q046=\":443\"; ma=2592000,h3-Q043=\":443\"; ma=2592000,quic=\":443\"; ma=2592000; v=\"46,43\"","accept-ranges":"none","transfer-encoding":"chunked"}
[info] 
[info] === Deploying to 'gwent-deckbuilder'...
[info] 
[info] i  deploying hosting 
[debug] [2020-05-30T17:53:15.844Z] >>> HTTP REQUEST POST https://firebasehosting.googleapis.com/v1beta1/sites/gwent-deckbuilder/versions  
 {"config":{"rewrites":[{"glob":"**","path":"/index.html"}]},"labels":{"deployment-tool":"cli-firebase"}}
[debug] [2020-05-30T17:53:17.823Z] <<< HTTP RESPONSE 200 {"content-type":"application/json; charset=UTF-8","vary":"X-Origin, Referer, Origin,Accept-Encoding","date":"Sat, 30 May 2020 17:53:17 GMT","server":"ESF","cache-control":"private","x-xss-protection":"0","x-frame-options":"SAMEORIGIN","x-content-type-options":"nosniff","alt-svc":"h3-27=\":443\"; ma=2592000,h3-25=\":443\"; ma=2592000,h3-T050=\":443\"; ma=2592000,h3-Q050=\":443\"; ma=2592000,h3-Q049=\":443\"; ma=2592000,h3-Q048=\":443\"; ma=2592000,h3-Q046=\":443\"; ma=2592000,h3-Q043=\":443\"; ma=2592000,quic=\":443\"; ma=2592000; v=\"46,43\"","accept-ranges":"none","transfer-encoding":"chunked"}
[info] i  hosting[gwent-deckbuilder]: beginning deploy... 
[info] i  hosting[gwent-deckbuilder]: found 940 files in build 
[debug] [2020-05-30T17:53:20.846Z] [hosting] hash cache [YnVpbGQ] stored for 940 files
[debug] [2020-05-30T17:53:20.848Z] [hosting][hash queue][FINAL] {"max":849,"min":32,"avg":151.29787234042547,"active":0,"complete":940,"success":940,"errored":0,"retried":0,"total":940,"elapsed":2899}
[debug] [2020-05-30T17:53:20.849Z] >>> HTTP REQUEST POST https://firebasehosting.googleapis.com/v1beta1/projects/960853601715/sites/gwent-deckbuilder/versions/c3d8e1e201f54925:populateFiles  
 <request body omitted>
[debug] [2020-05-30T17:53:23.613Z] <<< HTTP RESPONSE 200 {"content-type":"application/json; charset=UTF-8","vary":"X-Origin, Referer, Origin,Accept-Encoding","date":"Sat, 30 May 2020 17:53:23 GMT","server":"ESF","cache-control":"private","x-xss-protection":"0","x-frame-options":"SAMEORIGIN","x-content-type-options":"nosniff","alt-svc":"h3-27=\":443\"; ma=2592000,h3-25=\":443\"; ma=2592000,h3-T050=\":443\"; ma=2592000,h3-Q050=\":443\"; ma=2592000,h3-Q049=\":443\"; ma=2592000,h3-Q048=\":443\"; ma=2592000,h3-Q046=\":443\"; ma=2592000,h3-Q043=\":443\"; ma=2592000,quic=\":443\"; ma=2592000; v=\"46,43\"","accept-ranges":"none","transfer-encoding":"chunked"}
[debug] [2020-05-30T17:53:23.705Z] [hosting][populate queue][FINAL] {"max":2786,"min":2786,"avg":2786,"active":0,"complete":1,"success":1,"errored":0,"retried":0,"total":1,"elapsed":2867}
[debug] [2020-05-30T17:53:23.706Z] [hosting] uploads queued: 934
[debug] [2020-05-30T17:53:36.951Z] [hosting][upload] {"max":0,"min":9999999999,"avg":0,"active":200,"complete":0,"success":0,"errored":0,"retried":0,"total":934,"elapsed":13337}
[debug] [2020-05-30T17:53:54.623Z] [uploadQueue] Retrying task d60f28186a531d622f2267648d50f25a0800ff9dd0e59465f3b49022ae984845
[debug] [2020-05-30T17:53:54.625Z] [uploadQueue] Retrying task 76e104fc9c36f3477076bb8f1489ca21e07773b98665c6e6eb677f85e66bbe3d
[debug] [2020-05-30T17:53:54.660Z] [uploadQueue] Retrying task 2c727265c39d7cef423ef091c5cbbcb11a1b04dcbcddc55a6ccbad4fcdb0ecea
[debug] [2020-05-30T17:53:54.679Z] [uploadQueue] Retrying task 1d9683508f385e0293bf32263a1c61032c432e7cf4e2fee76e37f87e12d1ea5d
[debug] [2020-05-30T17:53:54.684Z] [uploadQueue] Retrying task 9505959573f633bf69733c91d14211418b4e5985f4217563edeabf9403604b5e
[debug] [2020-05-30T17:53:54.685Z] [uploadQueue] Retrying task 341dc49767f843ed28c3f0f37908bbb4a7b222aac353eee11e837668e0b0052b
[debug] [2020-05-30T17:53:54.686Z] [uploadQueue] Retrying task a16c9aea2f128f99a09138c9548147f76b2861b494d1f70e38b7dcfde92debc3
[debug] [2020-05-30T17:53:54.687Z] [uploadQueue] Retrying task 73023c5c52a25173dd93bb212078c23cbe5883cc0347bdbf4af2b00952e7f822
[debug] [2020-05-30T17:53:54.687Z] [uploadQueue] Retrying task 518e5398f70ec428448f55c655c278d261acbfd938c9acaa1ce79ca49c568b67
[debug] [2020-05-30T17:53:54.694Z] [uploadQueue] Retrying task f809fc863f9199649a6cd96f5449b0fe7db35b55a100728e066c66745bc2a543
[debug] [2020-05-30T17:53:54.695Z] [uploadQueue] Retrying task 03da1da49f2f424e9aa2ee0395898042bff5226f4f7823a583bfca74dbaaddc5
[debug] [2020-05-30T17:53:54.696Z] [uploadQueue] Retrying task 75f4f64cce3f2770a7ea454419ee5429d3fa8d3ac086bde90aa96edf23066467
[debug] [2020-05-30T17:53:54.696Z] [uploadQueue] Retrying task f35f469952dd8c89cdf56320a428d08c0b6124d847b8f9407eda2d3b333c0514
[debug] [2020-05-30T17:53:54.697Z] [uploadQueue] Retrying task fdf9f693ea5221be013301213ad90d581c1e9446758319c3fdfd87799e6e0ecb
[debug] [2020-05-30T17:53:54.697Z] [uploadQueue] Retrying task 8717ef88fe51039bc3ac128f9ddba0b2184c4806fe6e8dddcb32b3108d4b4edc
[debug] [2020-05-30T17:53:54.698Z] [uploadQueue] Retrying task e5c5db1ed5882b57d5a643bcb47b81c7c9206c94af423b661cdda2c8e01a638a
[debug] [2020-05-30T17:53:54.699Z] [uploadQueue] Retrying task a37108d5a973ab84a496d00c557bbfa7ccd9bfda11f43858f109c90753844d2b
[debug] [2020-05-30T17:53:54.699Z] [uploadQueue] Retrying task 4946681e0d36dc1626e4b962a2658f9c4479a71748eafbf0cbe0cd1549f6c260
[debug] [2020-05-30T17:53:54.705Z] [uploadQueue] Retrying task 97a1890eea9bdb861a1b5d948fa32eeb54659b3658d91d55f4d5df85feabf9a1
[debug] [2020-05-30T17:53:54.706Z] [uploadQueue] Retrying task 46317b7e4b69e23046abc39043801fc082113369a55db02d272b69d988ffd3fc
[debug] [2020-05-30T17:53:54.708Z] [uploadQueue] Retrying task 68e06692cfac4a05e8d846795076660e95b079699e2ae14fa15d11e0f1073628
[debug] [2020-05-30T17:53:54.709Z] [uploadQueue] Retrying task 71b97825eaf554530b3ee83a4acf7dd098a0448ba694482554f22f7268f75778
[debug] [2020-05-30T17:53:54.710Z] [uploadQueue] Retrying task 8270281584be7a1fe17293c02b6b615ad2903687734c0e4d06ca8732358e1617
[debug] [2020-05-30T17:53:54.710Z] [uploadQueue] Retrying task 9125c9fff84c85c0061d8622dd5dee686d2091511fd06c7d3f99a0a975b087e7
[debug] [2020-05-30T17:53:54.711Z] [uploadQueue] Retrying task 784c9553dfb9b9c0c616656fa60e1b01ad74074ceab38f8a99ee3dcc6e22bd2d
[debug] [2020-05-30T17:53:54.712Z] [uploadQueue] Retrying task c10f8c849e8e1c00a4598a83e9f53944aa70f2b4c31a42bf95929c918e25242b
[debug] [2020-05-30T17:53:54.713Z] [uploadQueue] Retrying task 4ecb6daf43073e38cc422176d7011f95cd4c973be592df1c49d598ef5ac59256
[debug] [2020-05-30T17:53:54.715Z] [uploadQueue] Retrying task 53ac9848e43c859711b1f2a8a4c995bcb0f6493f0f0cae1b5fc71cb3d147fe96
[debug] [2020-05-30T17:53:54.715Z] [uploadQueue] Retrying task 4be71cd3e270688fe87daacced02e540fee4fb27e94d4ec71775a393c8ca75ed
[debug] [2020-05-30T17:53:54.716Z] [uploadQueue] Retrying task 13eef3289288d844a47a75d6cd78d7b1de9257629110fc71374696667ab85b2a
[debug] [2020-05-30T17:53:54.716Z] [uploadQueue] Retrying task 1792988fe3d286fc126f9a2e84eb7bc13859d5f04e1e3d2837f4275d7c76a765
[debug] [2020-05-30T17:53:54.717Z] [uploadQueue] Retrying task 1a8b23844c51fd4e3bc36107b0cde30db33ec6385d112d084bf0e0bfd2c47a86
[debug] [2020-05-30T17:53:54.731Z] [uploadQueue] Retrying task dfe59256ea23701aa18a91d52fd801a35fe509fb7f2919c60210055bd2130c50
[debug] [2020-05-30T17:53:54.732Z] [uploadQueue] Retrying task bcaece3e7b17eb0ad42edf28ebde0044536d835824726adeb8418588c676e9c5
[debug] [2020-05-30T17:53:54.738Z] [uploadQueue] Retrying task 216207cf46886e9e9eb11812a4446e6c17dd4c4028093f1de780b26503d6c0bb
[debug] [2020-05-30T17:53:54.744Z] [uploadQueue] Retrying task aa3453e657139977eb2a38b317bdeb0736a60d324072cc48c9004648983bc235
[debug] [2020-05-30T17:53:54.745Z] [uploadQueue] Retrying task cf327f042960869750b972d5b8f5d7a1459e80c67a88ce2cdcce5ced294c669e
[debug] [2020-05-30T17:53:54.775Z] [uploadQueue] Retrying task 277c3b32499af09e7054d15e6d112f986112121d27e7402011a3a5a52b294700
[debug] [2020-05-30T17:53:54.776Z] [uploadQueue] Retrying task 908f224b6c20046aafadb9c2b67757d26a86e99e6de04b36927161e2590cc04d
[debug] [2020-05-30T17:53:54.786Z] [uploadQueue] Retrying task 826c62c37b7c91b92dbf61de891f8f017a24a7349ea85a5c24a54fb2c8f614f2
[debug] [2020-05-30T17:53:54.786Z] [uploadQueue] Retrying task 3efc197ebef493be0b3424fdefad2d5f918d181860d18047233b6bc8d529ff93
[debug] [2020-05-30T17:53:54.787Z] [uploadQueue] Retrying task 7b2d7df1e8cb6503349b75d43a9098173e5dd1967b10544db50a7129444ef3b8
[debug] [2020-05-30T17:53:54.787Z] [uploadQueue] Retrying task 23e20f3cb76b515603d05b127ad78e9d937ab16946483a670bf2a041d6e76a8d
[debug] [2020-05-30T17:53:54.788Z] [uploadQueue] Retrying task d2fe13399bb5d195a1523f4230329620cfc60d17bd2788d9e70f712d152a0ef3
[debug] [2020-05-30T17:53:54.788Z] [uploadQueue] Retrying task 85ba1027bc7ddc4fa540eda5476a8d576576011466fdbf407af131dee7adf74c
[debug] [2020-05-30T17:53:54.789Z] [uploadQueue] Retrying task 5494f3dda54c73f13f2dc2f08c688af13426814bb78046709db89ae070bc9a7a
[debug] [2020-05-30T17:53:54.789Z] [uploadQueue] Retrying task daf4dc7caaf8c37110b5dc231fbf6a2a325bbf34d730e407542e5ae294038663
[debug] [2020-05-30T17:53:54.790Z] [uploadQueue] Retrying task 2bdd116ed02fc1dbf17af01fdaa52e27d3d1a4d675494612b5f2d88a629a5180
[debug] [2020-05-30T17:53:54.793Z] [uploadQueue] Retrying task 0daf1edcef3c01b40a1377943062c758a2459103291ffdaf5cbf9a74eeaf7ebb
[debug] [2020-05-30T17:53:54.793Z] [uploadQueue] Retrying task d85439da4556699010a69c6ecd8f2dbda9ed03ed77ffe2b20b64e8f009f9ee7a
[debug] [2020-05-30T17:53:54.794Z] [uploadQueue] Retrying task 60530841a111a69e2e1b9dc7e2e2f3151d7eda64054c1e5fea1537bafecc4fdc
[debug] [2020-05-30T17:53:54.794Z] [uploadQueue] Retrying task f0493c90604c6654e51d17b14b13dd8a20f790d4aa813a0a51c71e8dd95cc3c2
[debug] [2020-05-30T17:53:54.795Z] [uploadQueue] Retrying task 7ce5673250d29be89f5f23ba3c998d7a75052efea0e2edca5ba35fc18e20f58b
[debug] [2020-05-30T17:53:54.795Z] [uploadQueue] Retrying task 49a3805e4dc29e60971d53ea62e6da6381e6806321e0832e4a4b6cc647a86fb0
[debug] [2020-05-30T17:53:54.795Z] [uploadQueue] Retrying task 33645333c27756fc5abe2f72baec6eebf4f89005adefb45e4ca4ded9b31f978c
[debug] [2020-05-30T17:53:54.796Z] [uploadQueue] Retrying task fb8c75a581d04e440faafe95eb7b75016d7460f917bda20fea5308b1ff33bad9
[debug] [2020-05-30T17:53:54.796Z] [uploadQueue] Retrying task a411fb44fd57d03efa78ae800c60784a86bff1afb18925dacbd2c16349da596f
[debug] [2020-05-30T17:53:54.797Z] [uploadQueue] Retrying task e96e33e5819cfe80e6ab87c6165f6821c49ab3677e40afa35a6378a54ccac571
[debug] [2020-05-30T17:53:54.797Z] [uploadQueue] Retrying task 525b427d38c4b8efededcbc03ab7081804e4b74f86f464a90899b9f90ea65107
[debug] [2020-05-30T17:53:54.825Z] [uploadQueue] Retrying task 17e6802664e5145b6e3b2b05b11962c165a17ca8f899d10fb6749f1e6742d4a1
[debug] [2020-05-30T17:53:54.825Z] [uploadQueue] Retrying task 3ba99b1f9307689f34cf854cc8af2ee02d8341d5664ade81010cf3832d4cd4bd
[debug] [2020-05-30T17:53:54.826Z] [uploadQueue] Retrying task 906f6413bc77409195ff5b5c1d66590182e0afe2b408a01bde68ec5ff8531cf1
[debug] [2020-05-30T17:53:54.828Z] [uploadQueue] Retrying task ad0a6a01a4dca4555bf6b522d6ce82007cb4d849bfc29b1478d0af282af90344
[debug] [2020-05-30T17:53:54.828Z] [uploadQueue] Retrying task 95b194ecbb1c0f3b4f25fd054e658a5172670429e448c8c877d5637a1541be74
[debug] [2020-05-30T17:53:54.829Z] [uploadQueue] Retrying task 793aff3448b5aaea6ca096678a209c64c8c9e39c6143c075704a28ab0e6a40be
[debug] [2020-05-30T17:53:54.829Z] [uploadQueue] Retrying task 2087106604dbecf46eecca6b953dbf413298de9caef0afa5a29666dfb010c65a
[debug] [2020-05-30T17:53:54.830Z] [uploadQueue] Retrying task 97b724373fb815907390186f8a166dd3aaca2366be7e5720936dde5540f03c2a
[debug] [2020-05-30T17:53:54.901Z] [uploadQueue] Retrying task b2f5319d0e167465928b4714a8d0d53a75ed7a74cba4122069e0116f08b38470
[debug] [2020-05-30T17:53:54.903Z] [uploadQueue] Retrying task 489ae4532bbd78a2ba00f0a4b70d547f0752f3af0142248132ed215d441b2a49
[debug] [2020-05-30T17:53:54.903Z] [uploadQueue] Retrying task 5a42e829906b868288543f755590840e685ed9cbc629dac32fb95e4540cc2d37
[debug] [2020-05-30T17:53:54.904Z] [uploadQueue] Retrying task ca641f728aaf8861f3b451c3dde0585eb836e3cff2a27f5c4e8990b2dd4f69bf
[debug] [2020-05-30T17:53:54.904Z] [uploadQueue] Retrying task 289507868864dd3dc9572006b3d22ab5864bd441347141651b343a8b16b77f02
[debug] [2020-05-30T17:53:54.905Z] [uploadQueue] Retrying task da6f8082ea803ebf2b78e493808b0f1dc3ca2d382b24483662b95c44fbaa0c95
[debug] [2020-05-30T17:53:54.905Z] [uploadQueue] Retrying task a2524842318e75ad7d87350986370e3ceae165a1c2afc3a1e0982885ee544a92
[debug] [2020-05-30T17:53:54.906Z] [uploadQueue] Retrying task 5384f08584fae144195380d49690b5049a5009e85718bc3963317f44d32521a7
[debug] [2020-05-30T17:53:54.906Z] [uploadQueue] Retrying task 003294489f16f4aebf0b8a8c96330772b7ad4b20346181d82c20b1b5f77e0dc0
[debug] [2020-05-30T17:53:54.907Z] [uploadQueue] Retrying task 19f3c73fcb26bfe6c8f4f52098c91bfcaa2eac960d52eb3373a7ea0abbd9f861
[debug] [2020-05-30T17:53:54.907Z] [uploadQueue] Retrying task 3179718ce7346b0cb4a29bb627061d0ad74e4320f802b6004c0a85831680ef3c
[debug] [2020-05-30T17:53:54.908Z] [uploadQueue] Retrying task bd39a5a6f2b8945c3aac36628e3a2ea1ba18f5be6404804cd893644a29477405
[debug] [2020-05-30T17:53:54.910Z] [uploadQueue] Retrying task bcfc9f417dec9949186c8d06d2bad5b0cea78f03fb615b84329d2387e84e1f74
[debug] [2020-05-30T17:53:54.910Z] [uploadQueue] Retrying task 8d22c1091c21d56c593db6c0ae77b7d106d1aa177a79df5953e96dc0cb28f64a
[debug] [2020-05-30T17:53:54.910Z] [uploadQueue] Retrying task 2247a686270a312823b9b14609e62f282166086cbdad56782864324a3402d701
[debug] [2020-05-30T17:53:54.911Z] [uploadQueue] Retrying task cff2b5ba3ee85cc7e663aeead5d0d70715924219e8e9d8712c36c94971f59a3a
[debug] [2020-05-30T17:53:54.911Z] [uploadQueue] Retrying task d90b3183c9c90b3589663a59edc2b3ef6e8818bc7c399a8954c496b3116f7335
[debug] [2020-05-30T17:53:54.912Z] [uploadQueue] Retrying task 5ffc7319af90c78f976978a69af1228fe87a71f8acb8941d7c1ac29e4dcceed6
[debug] [2020-05-30T17:53:54.912Z] [uploadQueue] Retrying task 813691540025f0be58376f9fff0294dd513cb495706fd2919a35c9303b42b9b3
[debug] [2020-05-30T17:53:54.914Z] [uploadQueue] Retrying task 2a2b9aa93647760573c347d307d7618809339218014fb1e0e48e88a22049d4b4
[debug] [2020-05-30T17:53:54.949Z] [uploadQueue] Retrying task 37dd8351f74a6005bcecb6d13fbc3fc79dd843e87472537aaf579a2740107e64
[debug] [2020-05-30T17:53:54.950Z] [uploadQueue] Retrying task e6f0c07c04c6b22d5cd9329603060c3db827a3a2046118a366925bf656e51e87
[debug] [2020-05-30T17:53:54.951Z] [uploadQueue] Retrying task 34745e423650cde9ae2abbc15d5ff04d652e8a094afe6243206b7591b82e0436
[debug] [2020-05-30T17:53:54.952Z] [uploadQueue] Retrying task e70c2d7c50baf0079ca984447247dc1aae5c7e7c1ecb0e6ccb19501c62b1ff1c
[debug] [2020-05-30T17:53:54.952Z] [uploadQueue] Retrying task 07cbac31dc6beb0a8940c036d6ff031c47570869fa310202b90fc57369a39f7a
[debug] [2020-05-30T17:53:54.953Z] [uploadQueue] Retrying task 2d19bfa1274138b273ec16327fcd8cd42e0ff2f471c9ec57d344e11f4f377bbc
[debug] [2020-05-30T17:53:54.954Z] [uploadQueue] Retrying task b0c3b5af74b32c5148a2a8c856645c330405c5c956c13de1ab4b38db57b21bed
[debug] [2020-05-30T17:53:54.995Z] [uploadQueue] Retrying task d54a3d36b5cd6dc75d89f506938c0085403fff4999b54b2bb30e8df318db8eda
[debug] [2020-05-30T17:53:54.996Z] [uploadQueue] Retrying task f8d9860ee5e0181c5a193dafaca1b604c87053669447a81adbd6db373de368a8
[debug] [2020-05-30T17:53:55.136Z] [uploadQueue] Retrying task 6f6aade33b990405d4845b0b6c19c1b33012ad600cddd697b8ac3bcbddde4280
[debug] [2020-05-30T17:53:55.137Z] [uploadQueue] Retrying task 9e92f2f86a0fd54cfca0cb1381169001c61c31624de0ceb18f69f26cbec1db5b
[debug] [2020-05-30T17:53:55.139Z] [uploadQueue] Retrying task e4c513aa62f5286e5f5fb490ce0e5b111027ea09fb3d54cf080e10ea4aabcda4
[debug] [2020-05-30T17:53:55.141Z] [uploadQueue] Retrying task feeec194fbb65a9430519979b95afa27b6087452ae1c3fd47b1eb85394ec4255
[debug] [2020-05-30T17:53:55.142Z] [uploadQueue] Retrying task c455ea7ce1d3d31920ede93fbd6cf9dbad98930cd9e361e6db28610d49c2c851
[debug] [2020-05-30T17:53:55.144Z] [uploadQueue] Retrying task e8efb74226b012f81c3476bccdc3ceb6bd36263d9fdfd77da96303ac9a0cb59a
[debug] [2020-05-30T17:53:55.144Z] [uploadQueue] Retrying task 759f3a5eea21226ed62f42ecdc0f445678919f53d773e6ca7c332354eba99355
[debug] [2020-05-30T17:53:55.145Z] [uploadQueue] Retrying task 7b7f68d8ef0edd447cdbdf03186b178b28d9d67fe2204ed27c122649ce322792
[debug] [2020-05-30T17:53:55.149Z] [uploadQueue] Retrying task b32c3975a53260d2130c8a15e8896b8701d1bcd54b8d2b66d73c53a822f17185
[debug] [2020-05-30T17:53:55.153Z] [uploadQueue] Retrying task 873329fbd61272d47f854e1e058f38298436e73fa939ff45cbae51ea0c92d837
[debug] [2020-05-30T17:53:55.167Z] [uploadQueue] Retrying task 6be66bbd6b9bd130995fe059324abbcbddb5fd16fc44da61f83e45ca3db274da
[debug] [2020-05-30T17:53:55.167Z] [uploadQueue] Retrying task 6e42d79b35474161193d8d76b61586edcb71609e9b895eb051c0a5236233ba4d
[debug] [2020-05-30T17:53:55.168Z] [uploadQueue] Retrying task 14be4d524cada6dbfb30bcd2b5cd88b891ed3f2f863dfe61493a38078c129521
[debug] [2020-05-30T17:53:55.184Z] [uploadQueue] Retrying task 5b72f6279c70f14e2dc5a1f1c9658eefb92a58e57eb71f42167a3e340ccf6e60
[debug] [2020-05-30T17:53:55.185Z] [uploadQueue] Retrying task e66bf7cc0b66cb4e20a4ea96c26bd7300a5876a169c346758ec3ebd144c4e1dd
[debug] [2020-05-30T17:53:55.186Z] [uploadQueue] Retrying task 4ce6d7bd67c3087139d386f19e7d26273609b8dd21f1d3052fd0c23314dc9d03
[debug] [2020-05-30T17:53:55.186Z] [uploadQueue] Retrying task 4e33a12100eac590349a74a5ee6a7a002912c13266131fb4ab0cb620f9b6b457
[debug] [2020-05-30T17:53:55.186Z] [uploadQueue] Retrying task df6b98ad9bbcad28e09189b8e9dc55350c2a56eed998910b9f71bf74c715e6c7
[debug] [2020-05-30T17:53:55.187Z] [uploadQueue] Retrying task 338cffae9f6a8b44693acb55236a1b7627c0134f9e1b45ad014cabf96390d89f
[debug] [2020-05-30T17:53:55.187Z] [uploadQueue] Retrying task 14067849d74d8aaad0073aa12b6a7ac6447431bc5bcd862602d7b5235e5567fa
[debug] [2020-05-30T17:53:55.188Z] [uploadQueue] Retrying task 1fe290bb2bc255f6be5dd2a60ad7173c114a1a141ad6be7e244b722476b1a008
[debug] [2020-05-30T17:53:55.188Z] [uploadQueue] Retrying task d0d0e2f8e2bc6db8534b24388eea8b0002360145eb76627cd73e642ddc429fcc
[debug] [2020-05-30T17:53:55.189Z] [uploadQueue] Retrying task ccc2f1f66f922f3f6c7df29d0b856a378646bda6f6a0a02bbeca0a209a23da5b
[debug] [2020-05-30T17:53:55.189Z] [uploadQueue] Retrying task 6ef71c19a63d099b885ab127decb18baede152687d7ac0b611bb742d2009f865
[debug] [2020-05-30T17:53:55.190Z] [uploadQueue] Retrying task 9a28c841239a6ad2f87cbe3c020a241f3af7981dcc9db61620794a6397f03152
[debug] [2020-05-30T17:53:55.190Z] [uploadQueue] Retrying task 8b74bc40f2f546f8d0c9cea653031a939c31c9422249ebc783f145ad371dea49
[debug] [2020-05-30T17:53:55.191Z] [uploadQueue] Retrying task a1a99923e8c9d154e584f902effcfbc07820eb7d2d975aad4a18b62675fca379
[debug] [2020-05-30T17:53:55.191Z] [uploadQueue] Retrying task 9ee568d3d9a970aeef2142c6c4c841f2cce6d87c97c83647616b8923e139b8c6
[debug] [2020-05-30T17:53:55.192Z] [uploadQueue] Retrying task 44adcd6fffc3bf943db13bfb890d238d596d79f82daa3ad2104328afd2d7a758
[debug] [2020-05-30T17:53:55.192Z] [uploadQueue] Retrying task 79498a5039fd00b9fce6c6a55197264eca7bb21a683294e10e68a3db296aa6e9
[debug] [2020-05-30T17:53:55.198Z] [uploadQueue] Retrying task 52e78c8e3f6b114b957f45bacb32d9f97e7f1df6db155859e42430e05b8f8cd0
[debug] [2020-05-30T17:53:55.199Z] [uploadQueue] Retrying task 8b83061d0848f93d6dfed3431c9771c7adeb02cd421b5b204e8a0a90ac6f72c3
[debug] [2020-05-30T17:53:55.200Z] [uploadQueue] Retrying task 54dc536706bb47af6520258c75e5aaed3799f5dda2229c798dbdf93fa3e32428
[debug] [2020-05-30T17:53:55.203Z] [uploadQueue] Retrying task 72517ae126a8db8c18279580f27c896003a2ad1c117fc4b1b445f66012e302fb
[debug] [2020-05-30T17:53:55.206Z] [uploadQueue] Retrying task 7008371d6a152191c73afd9aa45755c7cb67e105d996b4737757bac367192379
[debug] [2020-05-30T17:53:55.207Z] [uploadQueue] Retrying task a33bf1d951984740c578176ba837b64f914a6ee172eedf88a8d2683fbd91f30b
[debug] [2020-05-30T17:53:55.207Z] [uploadQueue] Retrying task 394d740afca8f9eefdb57f4b3051f84b805a6e4fff50c570c3b3766d787cb647
[debug] [2020-05-30T17:53:55.208Z] [uploadQueue] Retrying task fe4a377b454f4cacbcea3c0960f0d9754ad60b3259ae16990cc968309883e007
[debug] [2020-05-30T17:53:55.208Z] [uploadQueue] Retrying task 6e81d55b9883b529ec6607ae116091251957fbe2f32e218626524ada1157520d
[debug] [2020-05-30T17:53:55.208Z] [uploadQueue] Retrying task 11e52e792c1de6e2a847dc9601c6956a5fb40f75dbf76a65a647bd43bcceeff6
[debug] [2020-05-30T17:53:55.209Z] [uploadQueue] Retrying task 348a4eabb3d581a1aac5ef7763483fc74db2b64f5f06589bf5d9c8ce1f5f3f0c
[debug] [2020-05-30T17:53:55.209Z] [uploadQueue] Retrying task f5a54d45429c2e44520fc830d587cf2e7ab2506f8cc9afc9c01da6e71fe4f564
[debug] [2020-05-30T17:53:55.210Z] [uploadQueue] Retrying task b8d0a495c70c71b6827791f0de5c33691aa785652a518c76594e57bc5b74e064
[debug] [2020-05-30T17:53:55.210Z] [uploadQueue] Retrying task 8166760774d0e1b88f3f121c8fdb0b5b2423cf65fc409ff468f234d2dc4e6366
[debug] [2020-05-30T17:53:55.216Z] [uploadQueue] Retrying task e51173154790cb294da5be1de41365bac5c356d435cfc175dc61950a037cbc56
[debug] [2020-05-30T17:53:55.218Z] [uploadQueue] Retrying task 733dc814bd68013512c559e2e3b890b610871616938df374077dbd4c7fa6cb81
[debug] [2020-05-30T17:53:55.219Z] [uploadQueue] Retrying task 7681826e51f06b3fe1d16caa05b687879ced264f085e19bbf61d958c05421397
[debug] [2020-05-30T17:53:55.219Z] [uploadQueue] Retrying task ae9238fc688e3f890033982bc53141725d7386d50e45f840a4b08017cc3fb76d
[debug] [2020-05-30T17:53:55.219Z] [uploadQueue] Retrying task 0ce22ae93a8feed0c1cf7eaa42106dcffce50ae31c910e9b8fc17faef9bbde0b
[debug] [2020-05-30T17:53:55.220Z] [uploadQueue] Retrying task 83886f7659cdab3bc6f05fa32222d111fe32318f123befe4d9e2ec1cbff1cb38
[debug] [2020-05-30T17:53:55.220Z] [uploadQueue] Retrying task 299f7fb12dc9c51ab18067787bdd50c7604e71b19304a60ee482fd99613eb35b
[debug] [2020-05-30T17:53:55.220Z] [uploadQueue] Retrying task 2b6e4828cf088d91dfae309100fe79cd202ebd5195e99de1a02cd489044d0f5b
[debug] [2020-05-30T17:53:55.221Z] [uploadQueue] Retrying task b72fe1a7a161035998564cd13d2f8689ea21d232396cc505a2930b140affa394
[debug] [2020-05-30T17:53:55.221Z] [uploadQueue] Retrying task 11a2594eefaa419dd28d189f37588e92fdb1901f5273624566261e265be1f5ab
[debug] [2020-05-30T17:53:55.221Z] [uploadQueue] Retrying task 7e812468798f5b8ea353eaf3494abeb597c7e5a0eb9910f7893fd419d7f92759
[debug] [2020-05-30T17:53:55.222Z] [uploadQueue] Retrying task 4fce389f523e30184eade594e205a4608627888c803b988d673c1049b5b96b00
[debug] [2020-05-30T17:53:55.222Z] [uploadQueue] Retrying task 29e7f1073cd5eb3151e1a6f4e8bb335c06e94983adf250733b34ce90b64af280
[debug] [2020-05-30T17:53:55.241Z] [uploadQueue] Retrying task 8bb69da20eeeeb536271614a00cc0ccc2986bed91d51819cf85525ba1f186a69
[debug] [2020-05-30T17:53:55.241Z] [uploadQueue] Retrying task 192bedbbac3aecffdd72eafe8834c0a4ccb4ee379b463d848ff0a36b69a43647
[debug] [2020-05-30T17:53:55.241Z] [uploadQueue] Retrying task 5e1888acad7bda78fb77d0e0f1ad7bef6ded30f6891919f069ab8358cf0471fa
[debug] [2020-05-30T17:53:55.242Z] [uploadQueue] Retrying task 4c1fbed7d96d7a835b14a663ea424babdb944f313cca30491839ca9c2785406c
[debug] [2020-05-30T17:53:55.243Z] [uploadQueue] Retrying task c7fa4aa80b308d07b9c6fb545a25a02ebb149c365477d0e67f753f9af68247e8
[debug] [2020-05-30T17:53:55.243Z] [uploadQueue] Retrying task d654e08f234edbe06f03fc871591d126eb12c277608789c64a77940cf781d500
[debug] [2020-05-30T17:53:55.247Z] [uploadQueue] Retrying task ed7458444bd599b709087f22b42833c057a8073c0bf0d1ea8f56e9a86722ab4e
[debug] [2020-05-30T17:53:55.293Z] [uploadQueue] Retrying task 925ebdd5ced341b1ba38c4fefd4d0e368534118f2281704e7b672846f36d3df4
[debug] [2020-05-30T17:53:55.354Z] [uploadQueue] Retrying task 6e95e40ca235685198f1a8f624c2300f41a2fd8750bc5d783f35385508e6ac6b
[debug] [2020-05-30T17:53:55.363Z] [uploadQueue] Retrying task 6ff2054a90f0c30be8446c21dee1125f9e6f40a5816bcbaa09c39a113415eece
[debug] [2020-05-30T17:53:55.376Z] [uploadQueue] Retrying task 55e0c603cddca5401674af13a968b3796d84b7196e89f7fa9632f1186bf463cf
[debug] [2020-05-30T17:53:55.377Z] [uploadQueue] Retrying task caceeba7f83a5fb1b55b608a2a63bf6cf28e77327f1daf2d474772799e85eadc
[debug] [2020-05-30T17:53:55.377Z] [uploadQueue] Retrying task d525e03a7c0565617dafed5562d014b8bcd7801c51a6b07c5761ae76745264dc
[debug] [2020-05-30T17:53:55.378Z] [uploadQueue] Retrying task e4814170537bf1f1e3c832f51c5111c021c0840f18c464b009e6b4c3bdf6d735
[debug] [2020-05-30T17:53:55.378Z] [uploadQueue] Retrying task 65ab700570803f568e56d074e20b37d63ab60ac95a7d80276e7198cf5b24f2c3
[debug] [2020-05-30T17:53:55.379Z] [uploadQueue] Retrying task 8b4e8bbd54d9fa8dff3e217ef98e8b08d4188bc98d59af6c97e8fda2d44645fc
[debug] [2020-05-30T17:53:55.380Z] [uploadQueue] Retrying task 043f272bcc794dd6addf04e2ee749bded4a49478d1866023d0cb08d22aa72d4c
[debug] [2020-05-30T17:53:55.380Z] [uploadQueue] Retrying task 25af306b88744ce28dd3dc32b07d212ccf99291b9cc95366fbe88acd00d9ee05
[debug] [2020-05-30T17:53:55.380Z] [uploadQueue] Retrying task 04e80ae0cee915ed65590990374a2545737a4ace79fe26d63a62d09fbe9cccce
[debug] [2020-05-30T17:53:55.381Z] [uploadQueue] Retrying task 1368f5c4a3916074ab9fee064b7dae49790149eb6ce746b2afa5c8cd049605d2
[debug] [2020-05-30T17:53:55.394Z] [uploadQueue] Retrying task a38e2b33c7170c6f641eb4170fb27d8c1c28ef3e39689cb1af44be5fbc9d5444
[debug] [2020-05-30T17:53:55.786Z] [uploadQueue] Retrying task ca423d1cdea2ee44c9025e174fb85da5f5d8791d998f26f26f52d5d90cbefc16
[debug] [2020-05-30T17:54:00.922Z] [uploadQueue] Retrying task 92470c4eef7ec50c71c5beb3037de759118e8008dd6fd00239e633bf4a69b98e
[debug] [2020-05-30T17:54:01.847Z] [uploadQueue] Retrying task 42e633f4503c1cbd9496e1aa558c2e1ffee29094c6b0b5bd8dcb62a4217a76fe
[debug] [2020-05-30T17:54:05.807Z] [uploadQueue] Retrying task 53ac9848e43c859711b1f2a8a4c995bcb0f6493f0f0cae1b5fc71cb3d147fe96
[debug] [2020-05-30T17:54:05.808Z] [uploadQueue] Retrying task 216207cf46886e9e9eb11812a4446e6c17dd4c4028093f1de780b26503d6c0bb
[debug] [2020-05-30T17:54:05.809Z] [uploadQueue] Retrying task 1792988fe3d286fc126f9a2e84eb7bc13859d5f04e1e3d2837f4275d7c76a765
[debug] [2020-05-30T17:54:05.817Z] [uploadQueue] Retrying task bcaece3e7b17eb0ad42edf28ebde0044536d835824726adeb8418588c676e9c5
[debug] [2020-05-30T17:54:05.886Z] [uploadQueue] Retrying task fb8c75a581d04e440faafe95eb7b75016d7460f917bda20fea5308b1ff33bad9
[debug] [2020-05-30T17:54:05.890Z] [uploadQueue] Retrying task 7ce5673250d29be89f5f23ba3c998d7a75052efea0e2edca5ba35fc18e20f58b
[debug] [2020-05-30T17:54:05.895Z] [uploadQueue] Retrying task 33645333c27756fc5abe2f72baec6eebf4f89005adefb45e4ca4ded9b31f978c
[debug] [2020-05-30T17:54:05.917Z] [uploadQueue] Retrying task 2087106604dbecf46eecca6b953dbf413298de9caef0afa5a29666dfb010c65a
[debug] [2020-05-30T17:54:05.928Z] [uploadQueue] Retrying task 95b194ecbb1c0f3b4f25fd054e658a5172670429e448c8c877d5637a1541be74
[debug] [2020-05-30T17:54:05.934Z] [uploadQueue] Retrying task 3ba99b1f9307689f34cf854cc8af2ee02d8341d5664ade81010cf3832d4cd4bd
[debug] [2020-05-30T17:54:05.935Z] [uploadQueue] Retrying task 793aff3448b5aaea6ca096678a209c64c8c9e39c6143c075704a28ab0e6a40be
[debug] [2020-05-30T17:54:06.201Z] [uploadQueue] Retrying task feeec194fbb65a9430519979b95afa27b6087452ae1c3fd47b1eb85394ec4255
[debug] [2020-05-30T17:54:06.211Z] [uploadQueue] Retrying task 7b7f68d8ef0edd447cdbdf03186b178b28d9d67fe2204ed27c122649ce322792
[debug] [2020-05-30T17:54:06.213Z] [uploadQueue] Retrying task daf4dc7caaf8c37110b5dc231fbf6a2a325bbf34d730e407542e5ae294038663
[debug] [2020-05-30T17:54:06.223Z] [uploadQueue] Retrying task 759f3a5eea21226ed62f42ecdc0f445678919f53d773e6ca7c332354eba99355
[debug] [2020-05-30T17:54:06.229Z] [uploadQueue] Retrying task b32c3975a53260d2130c8a15e8896b8701d1bcd54b8d2b66d73c53a822f17185
[debug] [2020-05-30T17:54:06.230Z] [uploadQueue] Retrying task c455ea7ce1d3d31920ede93fbd6cf9dbad98930cd9e361e6db28610d49c2c851
[debug] [2020-05-30T17:54:06.240Z] [uploadQueue] Retrying task ad0a6a01a4dca4555bf6b522d6ce82007cb4d849bfc29b1478d0af282af90344
[debug] [2020-05-30T17:54:06.278Z] [uploadQueue] Retrying task e66bf7cc0b66cb4e20a4ea96c26bd7300a5876a169c346758ec3ebd144c4e1dd
[debug] [2020-05-30T17:54:06.278Z] [uploadQueue] Retrying task e6f0c07c04c6b22d5cd9329603060c3db827a3a2046118a366925bf656e51e87
[debug] [2020-05-30T17:54:06.279Z] [uploadQueue] Retrying task 07cbac31dc6beb0a8940c036d6ff031c47570869fa310202b90fc57369a39f7a
[debug] [2020-05-30T17:54:06.289Z] [uploadQueue] Retrying task 14be4d524cada6dbfb30bcd2b5cd88b891ed3f2f863dfe61493a38078c129521
[debug] [2020-05-30T17:54:06.329Z] [uploadQueue] Retrying task e70c2d7c50baf0079ca984447247dc1aae5c7e7c1ecb0e6ccb19501c62b1ff1c
[debug] [2020-05-30T17:54:06.359Z] [uploadQueue] Retrying task 11a2594eefaa419dd28d189f37588e92fdb1901f5273624566261e265be1f5ab
[debug] [2020-05-30T17:54:06.596Z] [uploadQueue] Retrying task 79498a5039fd00b9fce6c6a55197264eca7bb21a683294e10e68a3db296aa6e9
[debug] [2020-05-30T17:54:06.610Z] [uploadQueue] Retrying task 9a28c841239a6ad2f87cbe3c020a241f3af7981dcc9db61620794a6397f03152
[debug] [2020-05-30T17:54:06.611Z] [uploadQueue] Retrying task 9ee568d3d9a970aeef2142c6c4c841f2cce6d87c97c83647616b8923e139b8c6
[debug] [2020-05-30T17:54:06.612Z] [uploadQueue] Retrying task 14067849d74d8aaad0073aa12b6a7ac6447431bc5bcd862602d7b5235e5567fa
[debug] [2020-05-30T17:54:06.661Z] [uploadQueue] Retrying task b8d0a495c70c71b6827791f0de5c33691aa785652a518c76594e57bc5b74e064
[debug] [2020-05-30T17:54:08.324Z] [uploadQueue] Retrying task 2d19bfa1274138b273ec16327fcd8cd42e0ff2f471c9ec57d344e11f4f377bbc
[debug] [2020-05-30T17:54:08.325Z] [uploadQueue] Retrying task b0c3b5af74b32c5148a2a8c856645c330405c5c956c13de1ab4b38db57b21bed
[debug] [2020-05-30T17:54:08.340Z] [uploadQueue] Retrying task 34745e423650cde9ae2abbc15d5ff04d652e8a094afe6243206b7591b82e0436
[debug] [2020-05-30T17:54:08.548Z] [uploadQueue] Retrying task 6b8b32c9ea7611d9a0268db5f70a2abbce03bbec9ef5ba4eba483b62810e28ab
[debug] [2020-05-30T17:54:08.626Z] [uploadQueue] Retrying task 8b74bc40f2f546f8d0c9cea653031a939c31c9422249ebc783f145ad371dea49
[debug] [2020-05-30T17:54:08.642Z] [uploadQueue] Retrying task 6ef71c19a63d099b885ab127decb18baede152687d7ac0b611bb742d2009f865
[debug] [2020-05-30T17:54:09.797Z] [uploadQueue] Retrying task cb989f2540c252913f30b503845c8f21993b9cdee9c50f78296e6347287bac79
[debug] [2020-05-30T17:54:10.759Z] [uploadQueue] Retrying task f809fc863f9199649a6cd96f5449b0fe7db35b55a100728e066c66745bc2a543
[debug] [2020-05-30T17:54:10.774Z] [uploadQueue] Retrying task f35f469952dd8c89cdf56320a428d08c0b6124d847b8f9407eda2d3b333c0514
[debug] [2020-05-30T17:54:10.788Z] [uploadQueue] Retrying task 75f4f64cce3f2770a7ea454419ee5429d3fa8d3ac086bde90aa96edf23066467
[debug] [2020-05-30T17:54:11.705Z] [uploadQueue] Retrying task 489ae4532bbd78a2ba00f0a4b70d547f0752f3af0142248132ed215d441b2a49
[debug] [2020-05-30T17:54:11.706Z] [uploadQueue] Retrying task 3179718ce7346b0cb4a29bb627061d0ad74e4320f802b6004c0a85831680ef3c
[debug] [2020-05-30T17:54:11.708Z] [uploadQueue] Retrying task 5ffc7319af90c78f976978a69af1228fe87a71f8acb8941d7c1ac29e4dcceed6
[debug] [2020-05-30T17:54:11.711Z] [uploadQueue] Retrying task b2f5319d0e167465928b4714a8d0d53a75ed7a74cba4122069e0116f08b38470
[debug] [2020-05-30T17:54:11.712Z] [uploadQueue] Retrying task d90b3183c9c90b3589663a59edc2b3ef6e8818bc7c399a8954c496b3116f7335
[debug] [2020-05-30T17:54:11.713Z] [uploadQueue] Retrying task 19f3c73fcb26bfe6c8f4f52098c91bfcaa2eac960d52eb3373a7ea0abbd9f861
[debug] [2020-05-30T17:54:11.715Z] [uploadQueue] Retrying task 2a2b9aa93647760573c347d307d7618809339218014fb1e0e48e88a22049d4b4
[debug] [2020-05-30T17:54:11.998Z] [uploadQueue] Retrying task 7681826e51f06b3fe1d16caa05b687879ced264f085e19bbf61d958c05421397
[debug] [2020-05-30T17:54:12.000Z] [uploadQueue] Retrying task 8166760774d0e1b88f3f121c8fdb0b5b2423cf65fc409ff468f234d2dc4e6366
[debug] [2020-05-30T17:54:12.015Z] [uploadQueue] Retrying task e51173154790cb294da5be1de41365bac5c356d435cfc175dc61950a037cbc56
[debug] [2020-05-30T17:54:12.330Z] [uploadQueue] Retrying task a38e2b33c7170c6f641eb4170fb27d8c1c28ef3e39689cb1af44be5fbc9d5444
[debug] [2020-05-30T17:54:12.335Z] [uploadQueue] Retrying task 65ab700570803f568e56d074e20b37d63ab60ac95a7d80276e7198cf5b24f2c3
[debug] [2020-05-30T17:54:12.348Z] [uploadQueue] Retrying task 55e0c603cddca5401674af13a968b3796d84b7196e89f7fa9632f1186bf463cf
[debug] [2020-05-30T17:54:12.349Z] [uploadQueue] Retrying task 8b4e8bbd54d9fa8dff3e217ef98e8b08d4188bc98d59af6c97e8fda2d44645fc
[debug] [2020-05-30T17:54:13.170Z] [uploadQueue] Retrying task 394d740afca8f9eefdb57f4b3051f84b805a6e4fff50c570c3b3766d787cb647
[debug] [2020-05-30T17:54:13.439Z] [uploadQueue] Retrying task d04132b1538d1e1ece2a47d387e7d97506c26399912afe941048625f85f4fcb5
[debug] [2020-05-30T17:54:15.081Z] [uploadQueue] Retrying task 6fe73720f9db377a66d1d1d1fe84c5d879ff067f33e71eff3d0c2281afca060a
[debug] [2020-05-30T17:54:15.487Z] [uploadQueue] Retrying task c74022372281be349bb294366ae9f612363cfcaac9046eb9196868e238f18689
[debug] [2020-05-30T17:54:15.524Z] [uploadQueue] Retrying task 2a48ae40c590f092ea699f30e9bf96e495b8557842c928b86506ed1996597614
[debug] [2020-05-30T17:54:16.054Z] [uploadQueue] Retrying task 2b742cb172a9f0d5b2b25bb06baeccb1ba5247eebc64c2d3d99db2c502bd9521
[debug] [2020-05-30T17:54:17.689Z] [uploadQueue] Retrying task fb8c75a581d04e440faafe95eb7b75016d7460f917bda20fea5308b1ff33bad9
[debug] [2020-05-30T17:54:17.704Z] [uploadQueue] Retrying task 7ce5673250d29be89f5f23ba3c998d7a75052efea0e2edca5ba35fc18e20f58b
[debug] [2020-05-30T17:54:18.009Z] [uploadQueue] Retrying task feeec194fbb65a9430519979b95afa27b6087452ae1c3fd47b1eb85394ec4255
[debug] [2020-05-30T17:54:18.057Z] [uploadQueue] Retrying task b32c3975a53260d2130c8a15e8896b8701d1bcd54b8d2b66d73c53a822f17185
[debug] [2020-05-30T17:54:18.083Z] [uploadQueue] Retrying task e6f0c07c04c6b22d5cd9329603060c3db827a3a2046118a366925bf656e51e87
[debug] [2020-05-30T17:54:18.322Z] [uploadQueue] Retrying task daf4dc7caaf8c37110b5dc231fbf6a2a325bbf34d730e407542e5ae294038663
[debug] [2020-05-30T17:54:18.326Z] [uploadQueue] Retrying task 7b7f68d8ef0edd447cdbdf03186b178b28d9d67fe2204ed27c122649ce322792
[debug] [2020-05-30T17:54:18.383Z] [uploadQueue] Retrying task 52e78c8e3f6b114b957f45bacb32d9f97e7f1df6db155859e42430e05b8f8cd0
[debug] [2020-05-30T17:54:18.610Z] [uploadQueue] Retrying task 6529d686d06a4313f9a264add3536dbad8631af069d5f005190ac8d71220e37c
[debug] [2020-05-30T17:54:18.739Z] [uploadQueue] Retrying task 9a28c841239a6ad2f87cbe3c020a241f3af7981dcc9db61620794a6397f03152
[debug] [2020-05-30T17:54:18.975Z] [uploadQueue] Retrying task 5f743a80acce65cc7a2bb6ccdd54fda26b958f3145dc51633be9f0eb37e3986f
[debug] [2020-05-30T17:54:19.467Z] [uploadQueue] Retrying task ec60debcd15e703fdc82fc9fb3c65e38fffc036edae759aa8c4795ab5328656e
[debug] [2020-05-30T17:54:19.829Z] [uploadQueue] Retrying task f4041e796f5789c1b7276bef68f38484565fc2ec6ae7c4c65701e8e028ea5fb9
[debug] [2020-05-30T17:54:20.817Z] [uploadQueue] Retrying task 79498a5039fd00b9fce6c6a55197264eca7bb21a683294e10e68a3db296aa6e9
[debug] [2020-05-30T17:54:22.718Z] [uploadQueue] Retrying task bcaece3e7b17eb0ad42edf28ebde0044536d835824726adeb8418588c676e9c5
[debug] [2020-05-30T17:54:22.778Z] [uploadQueue] Retrying task 95b194ecbb1c0f3b4f25fd054e658a5172670429e448c8c877d5637a1541be74
[debug] [2020-05-30T17:54:22.809Z] [uploadQueue] Retrying task 3ba99b1f9307689f34cf854cc8af2ee02d8341d5664ade81010cf3832d4cd4bd
[debug] [2020-05-30T17:54:22.819Z] [uploadQueue] Retrying task ed6d1d9c19fe8e03331fab749a0820a979aeee8d70c45c76a9e4b755de02657d
[debug] [2020-05-30T17:54:22.830Z] [uploadQueue] Retrying task 793aff3448b5aaea6ca096678a209c64c8c9e39c6143c075704a28ab0e6a40be
[debug] [2020-05-30T17:54:23.833Z] [uploadQueue] Retrying task c84d0a8339034e83fac24797432e98baf1ed1154c3962afa3f8cfa6f90272a3e
[debug] [2020-05-30T17:54:24.111Z] [uploadQueue] Retrying task 16e5cb609cdc18a932f45054671d8027ed3170eab64f459dc23e3f51b82265c4
[debug] [2020-05-30T17:54:24.142Z] [uploadQueue] Retrying task e51173154790cb294da5be1de41365bac5c356d435cfc175dc61950a037cbc56
[debug] [2020-05-30T17:54:24.330Z] [uploadQueue] Retrying task a38e2b33c7170c6f641eb4170fb27d8c1c28ef3e39689cb1af44be5fbc9d5444
[debug] [2020-05-30T17:54:24.348Z] [uploadQueue] Retrying task 55e0c603cddca5401674af13a968b3796d84b7196e89f7fa9632f1186bf463cf
[debug] [2020-05-30T17:54:24.349Z] [uploadQueue] Retrying task 8b4e8bbd54d9fa8dff3e217ef98e8b08d4188bc98d59af6c97e8fda2d44645fc
[debug] [2020-05-30T17:54:24.352Z] [uploadQueue] Retrying task 65ab700570803f568e56d074e20b37d63ab60ac95a7d80276e7198cf5b24f2c3
[debug] [2020-05-30T17:54:24.355Z] [uploadQueue] Retrying task 2087106604dbecf46eecca6b953dbf413298de9caef0afa5a29666dfb010c65a
[debug] [2020-05-30T17:54:24.431Z] [uploadQueue] Retrying task f4b45cdec9181938e773a1050185109923c2975bed277a13ed25289d9407fc91
[debug] [2020-05-30T17:54:26.013Z] [uploadQueue] Retrying task b2f5319d0e167465928b4714a8d0d53a75ed7a74cba4122069e0116f08b38470
[debug] [2020-05-30T17:54:26.697Z] [uploadQueue] Retrying task d60f28186a531d622f2267648d50f25a0800ff9dd0e59465f3b49022ae984845
[debug] [2020-05-30T17:54:26.699Z] [uploadQueue] Retrying task 76e104fc9c36f3477076bb8f1489ca21e07773b98665c6e6eb677f85e66bbe3d
[debug] [2020-05-30T17:54:26.709Z] [uploadQueue] Retrying task 518e5398f70ec428448f55c655c278d261acbfd938c9acaa1ce79ca49c568b67
[debug] [2020-05-30T17:54:26.710Z] [uploadQueue] Retrying task 1d9683508f385e0293bf32263a1c61032c432e7cf4e2fee76e37f87e12d1ea5d
[debug] [2020-05-30T17:54:26.748Z] [uploadQueue] Retrying task 341dc49767f843ed28c3f0f37908bbb4a7b222aac353eee11e837668e0b0052b
[debug] [2020-05-30T17:54:26.749Z] [uploadQueue] Retrying task 73023c5c52a25173dd93bb212078c23cbe5883cc0347bdbf4af2b00952e7f822
[debug] [2020-05-30T17:54:26.750Z] [uploadQueue] Retrying task a16c9aea2f128f99a09138c9548147f76b2861b494d1f70e38b7dcfde92debc3
[debug] [2020-05-30T17:54:26.751Z] [uploadQueue] Retrying task 9505959573f633bf69733c91d14211418b4e5985f4217563edeabf9403604b5e
[debug] [2020-05-30T17:54:26.769Z] [uploadQueue] Retrying task 97a1890eea9bdb861a1b5d948fa32eeb54659b3658d91d55f4d5df85feabf9a1
[debug] [2020-05-30T17:54:26.774Z] [uploadQueue] Retrying task 4ecb6daf43073e38cc422176d7011f95cd4c973be592df1c49d598ef5ac59256
[debug] [2020-05-30T17:54:26.779Z] [uploadQueue] Retrying task 03da1da49f2f424e9aa2ee0395898042bff5226f4f7823a583bfca74dbaaddc5
[debug] [2020-05-30T17:54:26.780Z] [uploadQueue] Retrying task 46317b7e4b69e23046abc39043801fc082113369a55db02d272b69d988ffd3fc
[debug] [2020-05-30T17:54:26.794Z] [uploadQueue] Retrying task 784c9553dfb9b9c0c616656fa60e1b01ad74074ceab38f8a99ee3dcc6e22bd2d
[debug] [2020-05-30T17:54:26.814Z] [uploadQueue] Retrying task a844a61c6904a3f8b1f1cc86eb98f4b6542a3983675ac9a6c558af0519fd9593
[debug] [2020-05-30T17:54:26.815Z] [uploadQueue] Retrying task 9125c9fff84c85c0061d8622dd5dee686d2091511fd06c7d3f99a0a975b087e7
[debug] [2020-05-30T17:54:26.817Z] [uploadQueue] Retrying task 68e06692cfac4a05e8d846795076660e95b079699e2ae14fa15d11e0f1073628
[debug] [2020-05-30T17:54:26.818Z] [uploadQueue] Retrying task 8270281584be7a1fe17293c02b6b615ad2903687734c0e4d06ca8732358e1617
[debug] [2020-05-30T17:54:26.818Z] [uploadQueue] Retrying task dfe59256ea23701aa18a91d52fd801a35fe509fb7f2919c60210055bd2130c50
[debug] [2020-05-30T17:54:26.819Z] [uploadQueue] Retrying task 71b97825eaf554530b3ee83a4acf7dd098a0448ba694482554f22f7268f75778
[debug] [2020-05-30T17:54:26.821Z] [uploadQueue] Retrying task 13eef3289288d844a47a75d6cd78d7b1de9257629110fc71374696667ab85b2a
[debug] [2020-05-30T17:54:26.830Z] [uploadQueue] Retrying task c10f8c849e8e1c00a4598a83e9f53944aa70f2b4c31a42bf95929c918e25242b
[debug] [2020-05-30T17:54:26.831Z] [uploadQueue] Retrying task 4be71cd3e270688fe87daacced02e540fee4fb27e94d4ec71775a393c8ca75ed
[debug] [2020-05-30T17:54:26.846Z] [uploadQueue] Retrying task cf327f042960869750b972d5b8f5d7a1459e80c67a88ce2cdcce5ced294c669e
[debug] [2020-05-30T17:54:26.847Z] [uploadQueue] Retrying task 1a8b23844c51fd4e3bc36107b0cde30db33ec6385d112d084bf0e0bfd2c47a86
[debug] [2020-05-30T17:54:26.852Z] [uploadQueue] Retrying task aa3453e657139977eb2a38b317bdeb0736a60d324072cc48c9004648983bc235
[debug] [2020-05-30T17:54:26.853Z] [uploadQueue] Retrying task 277c3b32499af09e7054d15e6d112f986112121d27e7402011a3a5a52b294700
[debug] [2020-05-30T17:54:26.889Z] [uploadQueue] Retrying task 908f224b6c20046aafadb9c2b67757d26a86e99e6de04b36927161e2590cc04d
[debug] [2020-05-30T17:54:26.890Z] [uploadQueue] Retrying task 7b2d7df1e8cb6503349b75d43a9098173e5dd1967b10544db50a7129444ef3b8
[debug] [2020-05-30T17:54:26.891Z] [uploadQueue] Retrying task 3efc197ebef493be0b3424fdefad2d5f918d181860d18047233b6bc8d529ff93
[debug] [2020-05-30T17:54:26.897Z] [uploadQueue] Retrying task 2bdd116ed02fc1dbf17af01fdaa52e27d3d1a4d675494612b5f2d88a629a5180
[debug] [2020-05-30T17:54:26.903Z] [uploadQueue] Retrying task f0493c90604c6654e51d17b14b13dd8a20f790d4aa813a0a51c71e8dd95cc3c2
[debug] [2020-05-30T17:54:26.904Z] [uploadQueue] Retrying task 97b724373fb815907390186f8a166dd3aaca2366be7e5720936dde5540f03c2a
[debug] [2020-05-30T17:54:26.921Z] [uploadQueue] Retrying task 49a3805e4dc29e60971d53ea62e6da6381e6806321e0832e4a4b6cc647a86fb0
[debug] [2020-05-30T17:54:26.934Z] [uploadQueue] Retrying task df7b55dbbcf2ebaccb129dd39b9068c760256909e8d7f022ad72c240bc09b099
[debug] [2020-05-30T17:54:26.938Z] [uploadQueue] Retrying task 525b427d38c4b8efededcbc03ab7081804e4b74f86f464a90899b9f90ea65107
[debug] [2020-05-30T17:54:26.954Z] [uploadQueue] Retrying task a2524842318e75ad7d87350986370e3ceae165a1c2afc3a1e0982885ee544a92
[debug] [2020-05-30T17:54:26.962Z] [uploadQueue] Retrying task da6f8082ea803ebf2b78e493808b0f1dc3ca2d382b24483662b95c44fbaa0c95
[debug] [2020-05-30T17:54:26.964Z] [uploadQueue] Retrying task ca641f728aaf8861f3b451c3dde0585eb836e3cff2a27f5c4e8990b2dd4f69bf
[debug] [2020-05-30T17:54:26.965Z] [uploadQueue] Retrying task 5a42e829906b868288543f755590840e685ed9cbc629dac32fb95e4540cc2d37
[debug] [2020-05-30T17:54:26.967Z] [uploadQueue] Retrying task 5384f08584fae144195380d49690b5049a5009e85718bc3963317f44d32521a7
[debug] [2020-05-30T17:54:26.975Z] [uploadQueue] Retrying task 289507868864dd3dc9572006b3d22ab5864bd441347141651b343a8b16b77f02
[debug] [2020-05-30T17:54:27.216Z] [uploadQueue] Retrying task 9e92f2f86a0fd54cfca0cb1381169001c61c31624de0ceb18f69f26cbec1db5b
[debug] [2020-05-30T17:54:27.217Z] [uploadQueue] Retrying task 6f6aade33b990405d4845b0b6c19c1b33012ad600cddd697b8ac3bcbddde4280
[debug] [2020-05-30T17:54:27.267Z] [uploadQueue] Retrying task 873329fbd61272d47f854e1e058f38298436e73fa939ff45cbae51ea0c92d837
[debug] [2020-05-30T17:54:27.304Z] [uploadQueue] Retrying task 6e42d79b35474161193d8d76b61586edcb71609e9b895eb051c0a5236233ba4d
[debug] [2020-05-30T17:54:27.305Z] [uploadQueue] Retrying task 5b72f6279c70f14e2dc5a1f1c9658eefb92a58e57eb71f42167a3e340ccf6e60
[debug] [2020-05-30T17:54:27.306Z] [uploadQueue] Retrying task 4e33a12100eac590349a74a5ee6a7a002912c13266131fb4ab0cb620f9b6b457
[debug] [2020-05-30T17:54:27.307Z] [uploadQueue] Retrying task 4ce6d7bd67c3087139d386f19e7d26273609b8dd21f1d3052fd0c23314dc9d03
[debug] [2020-05-30T17:54:27.309Z] [uploadQueue] Retrying task 6be66bbd6b9bd130995fe059324abbcbddb5fd16fc44da61f83e45ca3db274da
[debug] [2020-05-30T17:54:27.316Z] [uploadQueue] Retrying task 338cffae9f6a8b44693acb55236a1b7627c0134f9e1b45ad014cabf96390d89f
[debug] [2020-05-30T17:54:27.335Z] [uploadQueue] Retrying task 2b6e4828cf088d91dfae309100fe79cd202ebd5195e99de1a02cd489044d0f5b
[debug] [2020-05-30T17:54:27.336Z] [uploadQueue] Retrying task 83886f7659cdab3bc6f05fa32222d111fe32318f123befe4d9e2ec1cbff1cb38
[debug] [2020-05-30T17:54:27.337Z] [uploadQueue] Retrying task 4fce389f523e30184eade594e205a4608627888c803b988d673c1049b5b96b00
[debug] [2020-05-30T17:54:27.338Z] [uploadQueue] Retrying task 8bb69da20eeeeb536271614a00cc0ccc2986bed91d51819cf85525ba1f186a69
[debug] [2020-05-30T17:54:27.339Z] [uploadQueue] Retrying task 5e1888acad7bda78fb77d0e0f1ad7bef6ded30f6891919f069ab8358cf0471fa
[debug] [2020-05-30T17:54:27.366Z] [uploadQueue] Retrying task 192bedbbac3aecffdd72eafe8834c0a4ccb4ee379b463d848ff0a36b69a43647
[debug] [2020-05-30T17:54:27.368Z] [uploadQueue] Retrying task b72fe1a7a161035998564cd13d2f8689ea21d232396cc505a2930b140affa394
[debug] [2020-05-30T17:54:27.369Z] [uploadQueue] Retrying task 29e7f1073cd5eb3151e1a6f4e8bb335c06e94983adf250733b34ce90b64af280
[debug] [2020-05-30T17:54:27.370Z] [uploadQueue] Retrying task 4c1fbed7d96d7a835b14a663ea424babdb944f313cca30491839ca9c2785406c
[debug] [2020-05-30T17:54:27.384Z] [uploadQueue] Retrying task 7e812468798f5b8ea353eaf3494abeb597c7e5a0eb9910f7893fd419d7f92759
[debug] [2020-05-30T17:54:27.410Z] [uploadQueue] Retrying task 6e95e40ca235685198f1a8f624c2300f41a2fd8750bc5d783f35385508e6ac6b
[debug] [2020-05-30T17:54:27.412Z] [uploadQueue] Retrying task 925ebdd5ced341b1ba38c4fefd4d0e368534118f2281704e7b672846f36d3df4
[debug] [2020-05-30T17:54:27.416Z] [uploadQueue] Retrying task ed7458444bd599b709087f22b42833c057a8073c0bf0d1ea8f56e9a86722ab4e
[debug] [2020-05-30T17:54:27.501Z] [uploadQueue] Retrying task 84b2357d437a662d1b78582ec9e75fb5db6d9febf6db0fe5c99efaa9e13a49c3
[debug] [2020-05-30T17:54:27.587Z] [uploadQueue] Retrying task b8d0a495c70c71b6827791f0de5c33691aa785652a518c76594e57bc5b74e064
[debug] [2020-05-30T17:54:28.156Z] [uploadQueue] Retrying task 0f2283f601e3f2f2e771cbf76c150afe7b0abe211f4ac2242995e731244e106f
[debug] [2020-05-30T17:54:29.222Z] [uploadQueue] Retrying task 2c727265c39d7cef423ef091c5cbbcb11a1b04dcbcddc55a6ccbad4fcdb0ecea
[debug] [2020-05-30T17:54:29.606Z] [uploadQueue] Retrying task 826c62c37b7c91b92dbf61de891f8f017a24a7349ea85a5c24a54fb2c8f614f2
[debug] [2020-05-30T17:54:29.637Z] [uploadQueue] Retrying task d2fe13399bb5d195a1523f4230329620cfc60d17bd2788d9e70f712d152a0ef3
[debug] [2020-05-30T17:54:29.646Z] [uploadQueue] Retrying task 5494f3dda54c73f13f2dc2f08c688af13426814bb78046709db89ae070bc9a7a
[debug] [2020-05-30T17:54:29.646Z] [uploadQueue] Retrying task 85ba1027bc7ddc4fa540eda5476a8d576576011466fdbf407af131dee7adf74c
[debug] [2020-05-30T17:54:29.647Z] [uploadQueue] Retrying task 23e20f3cb76b515603d05b127ad78e9d937ab16946483a670bf2a041d6e76a8d
[debug] [2020-05-30T17:54:29.647Z] [uploadQueue] Retrying task d85439da4556699010a69c6ecd8f2dbda9ed03ed77ffe2b20b64e8f009f9ee7a
[debug] [2020-05-30T17:54:29.647Z] [uploadQueue] Retrying task 0daf1edcef3c01b40a1377943062c758a2459103291ffdaf5cbf9a74eeaf7ebb
[debug] [2020-05-30T17:54:29.654Z] [uploadQueue] Retrying task 17e6802664e5145b6e3b2b05b11962c165a17ca8f899d10fb6749f1e6742d4a1
[debug] [2020-05-30T17:54:29.656Z] [uploadQueue] Retrying task 60530841a111a69e2e1b9dc7e2e2f3151d7eda64054c1e5fea1537bafecc4fdc
[debug] [2020-05-30T17:54:29.657Z] [uploadQueue] Retrying task a411fb44fd57d03efa78ae800c60784a86bff1afb18925dacbd2c16349da596f
[debug] [2020-05-30T17:54:29.658Z] [uploadQueue] Retrying task 906f6413bc77409195ff5b5c1d66590182e0afe2b408a01bde68ec5ff8531cf1
[debug] [2020-05-30T17:54:29.659Z] [uploadQueue] Retrying task e96e33e5819cfe80e6ab87c6165f6821c49ab3677e40afa35a6378a54ccac571
[debug] [2020-05-30T17:54:29.907Z] [uploadQueue] Retrying task e8efb74226b012f81c3476bccdc3ceb6bd36263d9fdfd77da96303ac9a0cb59a
[debug] [2020-05-30T17:54:29.908Z] [uploadQueue] Retrying task e4c513aa62f5286e5f5fb490ce0e5b111027ea09fb3d54cf080e10ea4aabcda4
[debug] [2020-05-30T17:54:29.966Z] [uploadQueue] Retrying task df6b98ad9bbcad28e09189b8e9dc55350c2a56eed998910b9f71bf74c715e6c7
[debug] [2020-05-30T17:54:29.967Z] [uploadQueue] Retrying task 1fe290bb2bc255f6be5dd2a60ad7173c114a1a141ad6be7e244b722476b1a008
[debug] [2020-05-30T17:54:29.969Z] [uploadQueue] Retrying task d0d0e2f8e2bc6db8534b24388eea8b0002360145eb76627cd73e642ddc429fcc
[debug] [2020-05-30T17:54:29.973Z] [uploadQueue] Retrying task ccc2f1f66f922f3f6c7df29d0b856a378646bda6f6a0a02bbeca0a209a23da5b
[debug] [2020-05-30T17:54:29.974Z] [uploadQueue] Retrying task 299f7fb12dc9c51ab18067787bdd50c7604e71b19304a60ee482fd99613eb35b
[debug] [2020-05-30T17:54:29.980Z] [uploadQueue] Retrying task 0ce22ae93a8feed0c1cf7eaa42106dcffce50ae31c910e9b8fc17faef9bbde0b
[debug] [2020-05-30T17:54:29.980Z] [uploadQueue] Retrying task c7fa4aa80b308d07b9c6fb545a25a02ebb149c365477d0e67f753f9af68247e8
[debug] [2020-05-30T17:54:29.981Z] [uploadQueue] Retrying task d654e08f234edbe06f03fc871591d126eb12c277608789c64a77940cf781d500
[debug] [2020-05-30T17:54:29.990Z] [uploadQueue] Retrying task 6ff2054a90f0c30be8446c21dee1125f9e6f40a5816bcbaa09c39a113415eece
[debug] [2020-05-30T17:54:30.853Z] [uploadQueue] Retrying task f4041e796f5789c1b7276bef68f38484565fc2ec6ae7c4c65701e8e028ea5fb9
[debug] [2020-05-30T17:54:30.892Z] [uploadQueue] Retrying task 670c901bd0c0f7a80e308b8cf9dab26f93e3e7daf4720d1d09a25e3e85e83caa
[debug] [2020-05-30T17:54:31.122Z] [uploadQueue] Retrying task 7ce5673250d29be89f5f23ba3c998d7a75052efea0e2edca5ba35fc18e20f58b
[debug] [2020-05-30T17:54:31.859Z] [uploadQueue] Retrying task fdf9f693ea5221be013301213ad90d581c1e9446758319c3fdfd87799e6e0ecb
[debug] [2020-05-30T17:54:31.879Z] [uploadQueue] Retrying task 8717ef88fe51039bc3ac128f9ddba0b2184c4806fe6e8dddcb32b3108d4b4edc
[debug] [2020-05-30T17:54:31.897Z] [uploadQueue] Retrying task 4946681e0d36dc1626e4b962a2658f9c4479a71748eafbf0cbe0cd1549f6c260
[debug] [2020-05-30T17:54:31.902Z] [uploadQueue] Retrying task e5c5db1ed5882b57d5a643bcb47b81c7c9206c94af423b661cdda2c8e01a638a
[debug] [2020-05-30T17:54:31.903Z] [uploadQueue] Retrying task a37108d5a973ab84a496d00c557bbfa7ccd9bfda11f43858f109c90753844d2b
[debug] [2020-05-30T17:54:31.927Z] [uploadQueue] Retrying task 273eac11752b9c0a3f9ee159660481e53eddc08f0e1a59be29f2d375102680f5
[debug] [2020-05-30T17:54:31.982Z] [uploadQueue] Retrying task 6529d686d06a4313f9a264add3536dbad8631af069d5f005190ac8d71220e37c
[debug] [2020-05-30T17:54:32.801Z] [uploadQueue] Retrying task 2247a686270a312823b9b14609e62f282166086cbdad56782864324a3402d701
[debug] [2020-05-30T17:54:32.801Z] [uploadQueue] Retrying task bd39a5a6f2b8945c3aac36628e3a2ea1ba18f5be6404804cd893644a29477405
[debug] [2020-05-30T17:54:32.802Z] [uploadQueue] Retrying task 8d22c1091c21d56c593db6c0ae77b7d106d1aa177a79df5953e96dc0cb28f64a
[debug] [2020-05-30T17:54:32.839Z] [uploadQueue] Retrying task 003294489f16f4aebf0b8a8c96330772b7ad4b20346181d82c20b1b5f77e0dc0
[debug] [2020-05-30T17:54:32.840Z] [uploadQueue] Retrying task bcfc9f417dec9949186c8d06d2bad5b0cea78f03fb615b84329d2387e84e1f74
[debug] [2020-05-30T17:54:32.856Z] [uploadQueue] Retrying task cff2b5ba3ee85cc7e663aeead5d0d70715924219e8e9d8712c36c94971f59a3a
[debug] [2020-05-30T17:54:32.858Z] [uploadQueue] Retrying task 813691540025f0be58376f9fff0294dd513cb495706fd2919a35c9303b42b9b3
[debug] [2020-05-30T17:54:32.860Z] [uploadQueue] Retrying task 37dd8351f74a6005bcecb6d13fbc3fc79dd843e87472537aaf579a2740107e64
[debug] [2020-05-30T17:54:33.099Z] [uploadQueue] Retrying task 44adcd6fffc3bf943db13bfb890d238d596d79f82daa3ad2104328afd2d7a758
[debug] [2020-05-30T17:54:33.101Z] [uploadQueue] Retrying task 8b83061d0848f93d6dfed3431c9771c7adeb02cd421b5b204e8a0a90ac6f72c3
[debug] [2020-05-30T17:54:33.102Z] [uploadQueue] Retrying task 54dc536706bb47af6520258c75e5aaed3799f5dda2229c798dbdf93fa3e32428
[debug] [2020-05-30T17:54:33.103Z] [uploadQueue] Retrying task 72517ae126a8db8c18279580f27c896003a2ad1c117fc4b1b445f66012e302fb
[debug] [2020-05-30T17:54:33.104Z] [uploadQueue] Retrying task a33bf1d951984740c578176ba837b64f914a6ee172eedf88a8d2683fbd91f30b
[debug] [2020-05-30T17:54:33.105Z] [uploadQueue] Retrying task 7008371d6a152191c73afd9aa45755c7cb67e105d996b4737757bac367192379
[debug] [2020-05-30T17:54:33.108Z] [uploadQueue] Retrying task a1a99923e8c9d154e584f902effcfbc07820eb7d2d975aad4a18b62675fca379
[debug] [2020-05-30T17:54:33.117Z] [uploadQueue] Retrying task 6e81d55b9883b529ec6607ae116091251957fbe2f32e218626524ada1157520d
[debug] [2020-05-30T17:54:33.118Z] [uploadQueue] Retrying task 11e52e792c1de6e2a847dc9601c6956a5fb40f75dbf76a65a647bd43bcceeff6
[debug] [2020-05-30T17:54:33.119Z] [uploadQueue] Retrying task 348a4eabb3d581a1aac5ef7763483fc74db2b64f5f06589bf5d9c8ce1f5f3f0c
[debug] [2020-05-30T17:54:33.119Z] [uploadQueue] Retrying task f5a54d45429c2e44520fc830d587cf2e7ab2506f8cc9afc9c01da6e71fe4f564
[debug] [2020-05-30T17:54:33.120Z] [uploadQueue] Retrying task fe4a377b454f4cacbcea3c0960f0d9754ad60b3259ae16990cc968309883e007
[debug] [2020-05-30T17:54:33.187Z] [uploadQueue] Retrying task 733dc814bd68013512c559e2e3b890b610871616938df374077dbd4c7fa6cb81
[debug] [2020-05-30T17:54:33.189Z] [uploadQueue] Retrying task ae9238fc688e3f890033982bc53141725d7386d50e45f840a4b08017cc3fb76d
[debug] [2020-05-30T17:54:33.447Z] [uploadQueue] Retrying task e4814170537bf1f1e3c832f51c5111c021c0840f18c464b009e6b4c3bdf6d735
[debug] [2020-05-30T17:54:33.457Z] [uploadQueue] Retrying task 25af306b88744ce28dd3dc32b07d212ccf99291b9cc95366fbe88acd00d9ee05
[debug] [2020-05-30T17:54:33.458Z] [uploadQueue] Retrying task 04e80ae0cee915ed65590990374a2545737a4ace79fe26d63a62d09fbe9cccce
[debug] [2020-05-30T17:54:33.464Z] [uploadQueue] Retrying task d525e03a7c0565617dafed5562d014b8bcd7801c51a6b07c5761ae76745264dc
[debug] [2020-05-30T17:54:33.466Z] [uploadQueue] Retrying task 1368f5c4a3916074ab9fee064b7dae49790149eb6ce746b2afa5c8cd049605d2
[debug] [2020-05-30T17:54:33.466Z] [uploadQueue] Retrying task 043f272bcc794dd6addf04e2ee749bded4a49478d1866023d0cb08d22aa72d4c
[debug] [2020-05-30T17:54:34.111Z] [uploadQueue] Retrying task ed6d1d9c19fe8e03331fab749a0820a979aeee8d70c45c76a9e4b755de02657d
[debug] [2020-05-30T17:54:35.029Z] [uploadQueue] Retrying task d54a3d36b5cd6dc75d89f506938c0085403fff4999b54b2bb30e8df318db8eda
[debug] [2020-05-30T17:54:35.030Z] [uploadQueue] Retrying task f8d9860ee5e0181c5a193dafaca1b604c87053669447a81adbd6db373de368a8
[debug] [2020-05-30T17:54:35.289Z] [uploadQueue] Retrying task d2d75839124917f808cebee1f47a178323f870470d6befeb090039c524134e39
[debug] [2020-05-30T17:54:36.134Z] [uploadQueue] Retrying task bcaece3e7b17eb0ad42edf28ebde0044536d835824726adeb8418588c676e9c5
[debug] [2020-05-30T17:54:36.518Z] [uploadQueue] Retrying task 793aff3448b5aaea6ca096678a209c64c8c9e39c6143c075704a28ab0e6a40be
[debug] [2020-05-30T17:54:36.655Z] [uploadQueue] Retrying task 2a48ae40c590f092ea699f30e9bf96e495b8557842c928b86506ed1996597614
[debug] [2020-05-30T17:54:36.710Z] [uploadQueue] Retrying task caceeba7f83a5fb1b55b608a2a63bf6cf28e77327f1daf2d474772799e85eadc
[debug] [2020-05-30T17:54:37.842Z] [uploadQueue] Retrying task e51173154790cb294da5be1de41365bac5c356d435cfc175dc61950a037cbc56
[debug] [2020-05-30T17:54:37.850Z] [uploadQueue] Retrying task e6f0c07c04c6b22d5cd9329603060c3db827a3a2046118a366925bf656e51e87
[debug] [2020-05-30T17:54:38.608Z] [uploadQueue] Retrying task 03da1da49f2f424e9aa2ee0395898042bff5226f4f7823a583bfca74dbaaddc5
[debug] [2020-05-30T17:54:38.694Z] [uploadQueue] Retrying task 13eef3289288d844a47a75d6cd78d7b1de9257629110fc71374696667ab85b2a
[debug] [2020-05-30T17:54:38.697Z] [uploadQueue] Retrying task 4be71cd3e270688fe87daacced02e540fee4fb27e94d4ec71775a393c8ca75ed
[debug] [2020-05-30T17:54:38.725Z] [uploadQueue] Retrying task cf327f042960869750b972d5b8f5d7a1459e80c67a88ce2cdcce5ced294c669e
[debug] [2020-05-30T17:54:38.726Z] [uploadQueue] Retrying task 1a8b23844c51fd4e3bc36107b0cde30db33ec6385d112d084bf0e0bfd2c47a86
[debug] [2020-05-30T17:54:38.727Z] [uploadQueue] Retrying task aa3453e657139977eb2a38b317bdeb0736a60d324072cc48c9004648983bc235
[debug] [2020-05-30T17:54:38.733Z] [uploadQueue] Retrying task 277c3b32499af09e7054d15e6d112f986112121d27e7402011a3a5a52b294700
[debug] [2020-05-30T17:54:38.734Z] [uploadQueue] Retrying task 908f224b6c20046aafadb9c2b67757d26a86e99e6de04b36927161e2590cc04d
[debug] [2020-05-30T17:54:38.872Z] [uploadQueue] Retrying task 73023c5c52a25173dd93bb212078c23cbe5883cc0347bdbf4af2b00952e7f822
[debug] [2020-05-30T17:54:38.874Z] [uploadQueue] Retrying task 341dc49767f843ed28c3f0f37908bbb4a7b222aac353eee11e837668e0b0052b
[debug] [2020-05-30T17:54:38.876Z] [uploadQueue] Retrying task a16c9aea2f128f99a09138c9548147f76b2861b494d1f70e38b7dcfde92debc3
[debug] [2020-05-30T17:54:39.107Z] [uploadQueue] Retrying task 289507868864dd3dc9572006b3d22ab5864bd441347141651b343a8b16b77f02
[debug] [2020-05-30T17:54:39.112Z] [uploadQueue] Retrying task da6f8082ea803ebf2b78e493808b0f1dc3ca2d382b24483662b95c44fbaa0c95
[debug] [2020-05-30T17:54:39.188Z] [uploadQueue] Retrying task b72fe1a7a161035998564cd13d2f8689ea21d232396cc505a2930b140affa394
[debug] [2020-05-30T17:54:39.534Z] [uploadQueue] Retrying task 925ebdd5ced341b1ba38c4fefd4d0e368534118f2281704e7b672846f36d3df4
[debug] [2020-05-30T17:54:39.552Z] [uploadQueue] Retrying task 6e95e40ca235685198f1a8f624c2300f41a2fd8750bc5d783f35385508e6ac6b
[debug] [2020-05-30T17:54:39.571Z] [uploadQueue] Retrying task ed7458444bd599b709087f22b42833c057a8073c0bf0d1ea8f56e9a86722ab4e
[debug] [2020-05-30T17:54:39.574Z] [uploadQueue] Retrying task c455ea7ce1d3d31920ede93fbd6cf9dbad98930cd9e361e6db28610d49c2c851
[debug] [2020-05-30T17:54:39.575Z] [uploadQueue] Retrying task 759f3a5eea21226ed62f42ecdc0f445678919f53d773e6ca7c332354eba99355
[debug] [2020-05-30T17:54:39.576Z] [uploadQueue] Retrying task ad0a6a01a4dca4555bf6b522d6ce82007cb4d849bfc29b1478d0af282af90344
[debug] [2020-05-30T17:54:39.697Z] [uploadQueue] Retrying task 07cbac31dc6beb0a8940c036d6ff031c47570869fa310202b90fc57369a39f7a
[debug] [2020-05-30T17:54:39.698Z] [uploadQueue] Retrying task e70c2d7c50baf0079ca984447247dc1aae5c7e7c1ecb0e6ccb19501c62b1ff1c
[debug] [2020-05-30T17:54:39.744Z] [uploadQueue] Retrying task 14be4d524cada6dbfb30bcd2b5cd88b891ed3f2f863dfe61493a38078c129521
[debug] [2020-05-30T17:54:40.047Z] [uploadQueue] Retrying task daf4dc7caaf8c37110b5dc231fbf6a2a325bbf34d730e407542e5ae294038663
[debug] [2020-05-30T17:54:40.054Z] [uploadQueue] Retrying task 9ee568d3d9a970aeef2142c6c4c841f2cce6d87c97c83647616b8923e139b8c6
[debug] [2020-05-30T17:54:40.056Z] [uploadQueue] Retrying task 14067849d74d8aaad0073aa12b6a7ac6447431bc5bcd862602d7b5235e5567fa
[debug] [2020-05-30T17:54:40.302Z] [uploadQueue] Retrying task df7b55dbbcf2ebaccb129dd39b9068c760256909e8d7f022ad72c240bc09b099
[debug] [2020-05-30T17:54:40.870Z] [uploadQueue] Retrying task 518e5398f70ec428448f55c655c278d261acbfd938c9acaa1ce79ca49c568b67
[debug] [2020-05-30T17:54:41.008Z] [uploadQueue] Retrying task b8d0a495c70c71b6827791f0de5c33691aa785652a518c76594e57bc5b74e064
[debug] [2020-05-30T17:54:41.108Z] [uploadQueue] Retrying task a2524842318e75ad7d87350986370e3ceae165a1c2afc3a1e0982885ee544a92
[debug] [2020-05-30T17:54:41.144Z] [uploadQueue] Retrying task 5a42e829906b868288543f755590840e685ed9cbc629dac32fb95e4540cc2d37
[debug] [2020-05-30T17:54:41.199Z] [uploadQueue] Retrying task 6b8b32c9ea7611d9a0268db5f70a2abbce03bbec9ef5ba4eba483b62810e28ab
[debug] [2020-05-30T17:54:41.753Z] [uploadQueue] Retrying task 906f6413bc77409195ff5b5c1d66590182e0afe2b408a01bde68ec5ff8531cf1
[debug] [2020-05-30T17:54:41.774Z] [uploadQueue] Retrying task a411fb44fd57d03efa78ae800c60784a86bff1afb18925dacbd2c16349da596f
[debug] [2020-05-30T17:54:41.778Z] [uploadQueue] Retrying task e96e33e5819cfe80e6ab87c6165f6821c49ab3677e40afa35a6378a54ccac571
[debug] [2020-05-30T17:54:41.785Z] [uploadQueue] Retrying task 60530841a111a69e2e1b9dc7e2e2f3151d7eda64054c1e5fea1537bafecc4fdc
[debug] [2020-05-30T17:54:42.103Z] [uploadQueue] Retrying task d0d0e2f8e2bc6db8534b24388eea8b0002360145eb76627cd73e642ddc429fcc
[debug] [2020-05-30T17:54:42.104Z] [uploadQueue] Retrying task df6b98ad9bbcad28e09189b8e9dc55350c2a56eed998910b9f71bf74c715e6c7
[debug] [2020-05-30T17:54:42.110Z] [uploadQueue] Retrying task c7fa4aa80b308d07b9c6fb545a25a02ebb149c365477d0e67f753f9af68247e8
[debug] [2020-05-30T17:54:42.139Z] [uploadQueue] Retrying task 6ff2054a90f0c30be8446c21dee1125f9e6f40a5816bcbaa09c39a113415eece
[debug] [2020-05-30T17:54:42.305Z] [uploadQueue] Retrying task 11a2594eefaa419dd28d189f37588e92fdb1901f5273624566261e265be1f5ab
[debug] [2020-05-30T17:54:42.334Z] [uploadQueue] Retrying task cb989f2540c252913f30b503845c8f21993b9cdee9c50f78296e6347287bac79
[debug] [2020-05-30T17:54:43.647Z] [uploadQueue] Retrying task c84d0a8339034e83fac24797432e98baf1ed1154c3962afa3f8cfa6f90272a3e
[debug] [2020-05-30T17:54:43.977Z] [uploadQueue] Retrying task fdf9f693ea5221be013301213ad90d581c1e9446758319c3fdfd87799e6e0ecb
[debug] [2020-05-30T17:54:44.120Z] [uploadQueue] Retrying task 6529d686d06a4313f9a264add3536dbad8631af069d5f005190ac8d71220e37c
[debug] [2020-05-30T17:54:44.256Z] [uploadQueue] Retrying task 1792988fe3d286fc126f9a2e84eb7bc13859d5f04e1e3d2837f4275d7c76a765
[debug] [2020-05-30T17:54:44.256Z] [uploadQueue] Retrying task 216207cf46886e9e9eb11812a4446e6c17dd4c4028093f1de780b26503d6c0bb
[debug] [2020-05-30T17:54:44.257Z] [uploadQueue] Retrying task 53ac9848e43c859711b1f2a8a4c995bcb0f6493f0f0cae1b5fc71cb3d147fe96
[debug] [2020-05-30T17:54:44.647Z] [uploadQueue] Retrying task bcfc9f417dec9949186c8d06d2bad5b0cea78f03fb615b84329d2387e84e1f74
[debug] [2020-05-30T17:54:44.671Z] [uploadQueue] Retrying task cff2b5ba3ee85cc7e663aeead5d0d70715924219e8e9d8712c36c94971f59a3a
[debug] [2020-05-30T17:54:44.693Z] [uploadQueue] Retrying task 813691540025f0be58376f9fff0294dd513cb495706fd2919a35c9303b42b9b3
[debug] [2020-05-30T17:54:44.716Z] [uploadQueue] Retrying task 37dd8351f74a6005bcecb6d13fbc3fc79dd843e87472537aaf579a2740107e64
[debug] [2020-05-30T17:54:45.138Z] [uploadQueue] Retrying task 3ba99b1f9307689f34cf854cc8af2ee02d8341d5664ade81010cf3832d4cd4bd
[debug] [2020-05-30T17:54:45.173Z] [uploadQueue] Retrying task 6ef71c19a63d099b885ab127decb18baede152687d7ac0b611bb742d2009f865
[debug] [2020-05-30T17:54:45.266Z] [uploadQueue] Retrying task 043f272bcc794dd6addf04e2ee749bded4a49478d1866023d0cb08d22aa72d4c
[debug] [2020-05-30T17:54:45.267Z] [uploadQueue] Retrying task d525e03a7c0565617dafed5562d014b8bcd7801c51a6b07c5761ae76745264dc
[debug] [2020-05-30T17:54:45.282Z] [uploadQueue] Retrying task 1368f5c4a3916074ab9fee064b7dae49790149eb6ce746b2afa5c8cd049605d2
[debug] [2020-05-30T17:54:45.449Z] [uploadQueue] Retrying task 65ab700570803f568e56d074e20b37d63ab60ac95a7d80276e7198cf5b24f2c3
[debug] [2020-05-30T17:54:45.451Z] [uploadQueue] Retrying task 55e0c603cddca5401674af13a968b3796d84b7196e89f7fa9632f1186bf463cf
[debug] [2020-05-30T17:54:45.451Z] [uploadQueue] Retrying task 2087106604dbecf46eecca6b953dbf413298de9caef0afa5a29666dfb010c65a
[debug] [2020-05-30T17:54:45.468Z] [uploadQueue] Retrying task 8b4e8bbd54d9fa8dff3e217ef98e8b08d4188bc98d59af6c97e8fda2d44645fc
[debug] [2020-05-30T17:54:45.719Z] [uploadQueue] Retrying task 79498a5039fd00b9fce6c6a55197264eca7bb21a683294e10e68a3db296aa6e9
[debug] [2020-05-30T17:54:45.721Z] [uploadQueue] Retrying task 33645333c27756fc5abe2f72baec6eebf4f89005adefb45e4ca4ded9b31f978c
[debug] [2020-05-30T17:54:46.291Z] [uploadQueue] Retrying task 92470c4eef7ec50c71c5beb3037de759118e8008dd6fd00239e633bf4a69b98e
[debug] [2020-05-30T17:54:46.296Z] [uploadQueue] Retrying task d2d75839124917f808cebee1f47a178323f870470d6befeb090039c524134e39
[debug] [2020-05-30T17:54:47.011Z] [uploadQueue] Retrying task 8270281584be7a1fe17293c02b6b615ad2903687734c0e4d06ca8732358e1617
[debug] [2020-05-30T17:54:47.950Z] [uploadQueue] Retrying task 16e5cb609cdc18a932f45054671d8027ed3170eab64f459dc23e3f51b82265c4
[debug] [2020-05-30T17:54:48.024Z] [uploadQueue] Retrying task 525b427d38c4b8efededcbc03ab7081804e4b74f86f464a90899b9f90ea65107
[debug] [2020-05-30T17:54:48.084Z] [uploadQueue] Retrying task 34745e423650cde9ae2abbc15d5ff04d652e8a094afe6243206b7591b82e0436
[debug] [2020-05-30T17:54:48.257Z] [uploadQueue] Retrying task 2a2b9aa93647760573c347d307d7618809339218014fb1e0e48e88a22049d4b4
[debug] [2020-05-30T17:54:48.258Z] [uploadQueue] Retrying task 19f3c73fcb26bfe6c8f4f52098c91bfcaa2eac960d52eb3373a7ea0abbd9f861
[debug] [2020-05-30T17:54:48.259Z] [uploadQueue] Retrying task d90b3183c9c90b3589663a59edc2b3ef6e8818bc7c399a8954c496b3116f7335
[debug] [2020-05-30T17:54:48.456Z] [uploadQueue] Retrying task 8166760774d0e1b88f3f121c8fdb0b5b2423cf65fc409ff468f234d2dc4e6366
[debug] [2020-05-30T17:54:48.457Z] [uploadQueue] Retrying task 7681826e51f06b3fe1d16caa05b687879ced264f085e19bbf61d958c05421397
[debug] [2020-05-30T17:54:48.771Z] [uploadQueue] Retrying task 2a48ae40c590f092ea699f30e9bf96e495b8557842c928b86506ed1996597614
[debug] [2020-05-30T17:54:49.137Z] [uploadQueue] Retrying task 670c901bd0c0f7a80e308b8cf9dab26f93e3e7daf4720d1d09a25e3e85e83caa
[debug] [2020-05-30T17:54:49.312Z] [uploadQueue] Retrying task e4c513aa62f5286e5f5fb490ce0e5b111027ea09fb3d54cf080e10ea4aabcda4
[debug] [2020-05-30T17:54:49.330Z] [uploadQueue] Retrying task e8efb74226b012f81c3476bccdc3ceb6bd36263d9fdfd77da96303ac9a0cb59a
[debug] [2020-05-30T17:54:49.441Z] [uploadQueue] Retrying task 189411e5649887a5486ea9decc201a074260185c87c96416d956d94c1ba6f6ce
[debug] [2020-05-30T17:54:50.002Z] [uploadQueue] Retrying task 394d740afca8f9eefdb57f4b3051f84b805a6e4fff50c570c3b3766d787cb647
[debug] [2020-05-30T17:54:50.299Z] [uploadQueue] Retrying task 6f6aade33b990405d4845b0b6c19c1b33012ad600cddd697b8ac3bcbddde4280
[debug] [2020-05-30T17:54:50.705Z] [uploadQueue] Retrying task 8b74bc40f2f546f8d0c9cea653031a939c31c9422249ebc783f145ad371dea49
[debug] [2020-05-30T17:54:51.191Z] [uploadQueue] Retrying task 6be66bbd6b9bd130995fe059324abbcbddb5fd16fc44da61f83e45ca3db274da
[debug] [2020-05-30T17:54:51.218Z] [uploadQueue] Retrying task 3179718ce7346b0cb4a29bb627061d0ad74e4320f802b6004c0a85831680ef3c
[debug] [2020-05-30T17:54:51.237Z] [uploadQueue] Retrying task 489ae4532bbd78a2ba00f0a4b70d547f0752f3af0142248132ed215d441b2a49
[debug] [2020-05-30T17:54:51.237Z] [uploadQueue] Retrying task 5ffc7319af90c78f976978a69af1228fe87a71f8acb8941d7c1ac29e4dcceed6
[debug] [2020-05-30T17:54:51.239Z] [uploadQueue] Retrying task 338cffae9f6a8b44693acb55236a1b7627c0134f9e1b45ad014cabf96390d89f
[debug] [2020-05-30T17:54:51.439Z] [uploadQueue] Retrying task 8bb69da20eeeeb536271614a00cc0ccc2986bed91d51819cf85525ba1f186a69
[debug] [2020-05-30T17:54:51.439Z] [uploadQueue] Retrying task 5e1888acad7bda78fb77d0e0f1ad7bef6ded30f6891919f069ab8358cf0471fa
[debug] [2020-05-30T17:54:51.442Z] [uploadQueue] Retrying task 2b6e4828cf088d91dfae309100fe79cd202ebd5195e99de1a02cd489044d0f5b
[debug] [2020-05-30T17:54:51.453Z] [uploadQueue] Retrying task 4fce389f523e30184eade594e205a4608627888c803b988d673c1049b5b96b00
[debug] [2020-05-30T17:54:51.720Z] [uploadQueue] Retrying task b2f5319d0e167465928b4714a8d0d53a75ed7a74cba4122069e0116f08b38470
[debug] [2020-05-30T17:54:52.046Z] [uploadQueue] Retrying task 2b742cb172a9f0d5b2b25bb06baeccb1ba5247eebc64c2d3d99db2c502bd9521
[debug] [2020-05-30T17:54:52.131Z] [uploadQueue] Retrying task cf327f042960869750b972d5b8f5d7a1459e80c67a88ce2cdcce5ced294c669e
[debug] [2020-05-30T17:54:52.134Z] [uploadQueue] Retrying task aa3453e657139977eb2a38b317bdeb0736a60d324072cc48c9004648983bc235
[debug] [2020-05-30T17:54:52.150Z] [uploadQueue] Retrying task 1a8b23844c51fd4e3bc36107b0cde30db33ec6385d112d084bf0e0bfd2c47a86
[debug] [2020-05-30T17:54:52.151Z] [uploadQueue] Retrying task 908f224b6c20046aafadb9c2b67757d26a86e99e6de04b36927161e2590cc04d
[debug] [2020-05-30T17:54:52.297Z] [uploadQueue] Retrying task f35f469952dd8c89cdf56320a428d08c0b6124d847b8f9407eda2d3b333c0514
[debug] [2020-05-30T17:54:52.364Z] [uploadQueue] Retrying task 75f4f64cce3f2770a7ea454419ee5429d3fa8d3ac086bde90aa96edf23066467
[debug] [2020-05-30T17:54:52.459Z] [uploadQueue] Retrying task 277c3b32499af09e7054d15e6d112f986112121d27e7402011a3a5a52b294700
[debug] [2020-05-30T17:54:53.104Z] [uploadQueue] Retrying task feeec194fbb65a9430519979b95afa27b6087452ae1c3fd47b1eb85394ec4255
[debug] [2020-05-30T17:54:54.337Z] [uploadQueue] Retrying task 2d19bfa1274138b273ec16327fcd8cd42e0ff2f471c9ec57d344e11f4f377bbc
[debug] [2020-05-30T17:54:54.341Z] [uploadQueue] Retrying task b0c3b5af74b32c5148a2a8c856645c330405c5c956c13de1ab4b38db57b21bed
[debug] [2020-05-30T17:54:54.666Z] [uploadQueue] Retrying task 341dc49767f843ed28c3f0f37908bbb4a7b222aac353eee11e837668e0b0052b
[debug] [2020-05-30T17:54:54.744Z] [uploadQueue] Retrying task e6f0c07c04c6b22d5cd9329603060c3db827a3a2046118a366925bf656e51e87
[debug] [2020-05-30T17:54:54.836Z] [uploadQueue] Retrying task f809fc863f9199649a6cd96f5449b0fe7db35b55a100728e066c66745bc2a543
[debug] [2020-05-30T17:54:54.972Z] [uploadQueue] Retrying task 52e78c8e3f6b114b957f45bacb32d9f97e7f1df6db155859e42430e05b8f8cd0
[debug] [2020-05-30T17:54:55.065Z] [uploadQueue] Retrying task c74022372281be349bb294366ae9f612363cfcaac9046eb9196868e238f18689
[debug] [2020-05-30T17:54:55.084Z] [uploadQueue] Retrying task f8d9860ee5e0181c5a193dafaca1b604c87053669447a81adbd6db373de368a8
[debug] [2020-05-30T17:54:55.087Z] [uploadQueue] Retrying task e960e97c8cee94ac63765490acc889b2191778249dbe04586baf2183cd182f88
[debug] [2020-05-30T17:54:56.493Z] [uploadQueue] Retrying task fe4a377b454f4cacbcea3c0960f0d9754ad60b3259ae16990cc968309883e007
[debug] [2020-05-30T17:54:56.512Z] [uploadQueue] Retrying task f5a54d45429c2e44520fc830d587cf2e7ab2506f8cc9afc9c01da6e71fe4f564
[debug] [2020-05-30T17:54:56.971Z] [uploadQueue] Retrying task 9a28c841239a6ad2f87cbe3c020a241f3af7981dcc9db61620794a6397f03152
[debug] [2020-05-30T17:54:56.972Z] [uploadQueue] Retrying task 8d22c1091c21d56c593db6c0ae77b7d106d1aa177a79df5953e96dc0cb28f64a
[debug] [2020-05-30T17:54:57.146Z] [uploadQueue] Retrying task d54a3d36b5cd6dc75d89f506938c0085403fff4999b54b2bb30e8df318db8eda
[debug] [2020-05-30T17:54:58.202Z] [uploadQueue] Retrying task f4b45cdec9181938e773a1050185109923c2975bed277a13ed25289d9407fc91
[debug] [2020-05-30T17:54:58.980Z] [uploadQueue] Retrying task 7ce5673250d29be89f5f23ba3c998d7a75052efea0e2edca5ba35fc18e20f58b
[debug] [2020-05-30T17:54:58.985Z] [uploadQueue] Retrying task a38e2b33c7170c6f641eb4170fb27d8c1c28ef3e39689cb1af44be5fbc9d5444
[debug] [2020-05-30T17:54:59.165Z] [uploadQueue] Retrying task bd39a5a6f2b8945c3aac36628e3a2ea1ba18f5be6404804cd893644a29477405
[debug] [2020-05-30T17:54:59.977Z] [uploadQueue] Retrying task 84b2357d437a662d1b78582ec9e75fb5db6d9febf6db0fe5c99efaa9e13a49c3
[debug] [2020-05-30T17:54:59.992Z] [uploadQueue] Retrying task b8d0a495c70c71b6827791f0de5c33691aa785652a518c76594e57bc5b74e064
[debug] [2020-05-30T17:55:00.055Z] [uploadQueue] Retrying task 9505959573f633bf69733c91d14211418b4e5985f4217563edeabf9403604b5e
[debug] [2020-05-30T17:55:00.058Z] [uploadQueue] Retrying task 97a1890eea9bdb861a1b5d948fa32eeb54659b3658d91d55f4d5df85feabf9a1
[debug] [2020-05-30T17:55:00.068Z] [uploadQueue] Retrying task 46317b7e4b69e23046abc39043801fc082113369a55db02d272b69d988ffd3fc
[debug] [2020-05-30T17:55:00.069Z] [uploadQueue] Retrying task 4ecb6daf43073e38cc422176d7011f95cd4c973be592df1c49d598ef5ac59256
[debug] [2020-05-30T17:55:00.074Z] [uploadQueue] Retrying task 784c9553dfb9b9c0c616656fa60e1b01ad74074ceab38f8a99ee3dcc6e22bd2d
[debug] [2020-05-30T17:55:00.127Z] [uploadQueue] Retrying task 71b97825eaf554530b3ee83a4acf7dd098a0448ba694482554f22f7268f75778
[debug] [2020-05-30T17:55:00.140Z] [uploadQueue] Retrying task c10f8c849e8e1c00a4598a83e9f53944aa70f2b4c31a42bf95929c918e25242b
[debug] [2020-05-30T17:55:00.147Z] [uploadQueue] Retrying task b32c3975a53260d2130c8a15e8896b8701d1bcd54b8d2b66d73c53a822f17185
[debug] [2020-05-30T17:55:00.151Z] [uploadQueue] Retrying task dfe59256ea23701aa18a91d52fd801a35fe509fb7f2919c60210055bd2130c50
[debug] [2020-05-30T17:55:00.199Z] [uploadQueue] Retrying task 7b2d7df1e8cb6503349b75d43a9098173e5dd1967b10544db50a7129444ef3b8
[debug] [2020-05-30T17:55:00.200Z] [uploadQueue] Retrying task 3efc197ebef493be0b3424fdefad2d5f918d181860d18047233b6bc8d529ff93
[debug] [2020-05-30T17:55:00.206Z] [uploadQueue] Retrying task 97b724373fb815907390186f8a166dd3aaca2366be7e5720936dde5540f03c2a
[debug] [2020-05-30T17:55:00.208Z] [uploadQueue] Retrying task f0493c90604c6654e51d17b14b13dd8a20f790d4aa813a0a51c71e8dd95cc3c2
[debug] [2020-05-30T17:55:00.523Z] [uploadQueue] Retrying task 5b72f6279c70f14e2dc5a1f1c9658eefb92a58e57eb71f42167a3e340ccf6e60
[debug] [2020-05-30T17:55:00.524Z] [uploadQueue] Retrying task 4e33a12100eac590349a74a5ee6a7a002912c13266131fb4ab0cb620f9b6b457
[debug] [2020-05-30T17:55:00.524Z] [uploadQueue] Retrying task 6e42d79b35474161193d8d76b61586edcb71609e9b895eb051c0a5236233ba4d
[debug] [2020-05-30T17:55:00.525Z] [uploadQueue] Retrying task 4ce6d7bd67c3087139d386f19e7d26273609b8dd21f1d3052fd0c23314dc9d03
[debug] [2020-05-30T17:55:00.583Z] [uploadQueue] Retrying task 192bedbbac3aecffdd72eafe8834c0a4ccb4ee379b463d848ff0a36b69a43647
[debug] [2020-05-30T17:55:00.585Z] [uploadQueue] Retrying task 29e7f1073cd5eb3151e1a6f4e8bb335c06e94983adf250733b34ce90b64af280
[debug] [2020-05-30T17:55:00.607Z] [uploadQueue] Retrying task 7e812468798f5b8ea353eaf3494abeb597c7e5a0eb9910f7893fd419d7f92759
[debug] [2020-05-30T17:55:00.779Z] [uploadQueue] Retrying task ca423d1cdea2ee44c9025e174fb85da5f5d8791d998f26f26f52d5d90cbefc16
[debug] [2020-05-30T17:55:01.131Z] [uploadQueue] Retrying task 6b8b32c9ea7611d9a0268db5f70a2abbce03bbec9ef5ba4eba483b62810e28ab
[debug] [2020-05-30T17:55:01.218Z] [uploadQueue] Retrying task 7b7f68d8ef0edd447cdbdf03186b178b28d9d67fe2204ed27c122649ce322792
[debug] [2020-05-30T17:55:01.595Z] [uploadQueue] Retrying task b72fe1a7a161035998564cd13d2f8689ea21d232396cc505a2930b140affa394
[debug] [2020-05-30T17:55:01.665Z] [uploadQueue] Retrying task d90b3183c9c90b3589663a59edc2b3ef6e8818bc7c399a8954c496b3116f7335
[debug] [2020-05-30T17:55:01.666Z] [uploadQueue] Retrying task 19f3c73fcb26bfe6c8f4f52098c91bfcaa2eac960d52eb3373a7ea0abbd9f861
[debug] [2020-05-30T17:55:01.667Z] [uploadQueue] Retrying task 2a2b9aa93647760573c347d307d7618809339218014fb1e0e48e88a22049d4b4
[debug] [2020-05-30T17:55:01.899Z] [uploadQueue] Retrying task d0d0e2f8e2bc6db8534b24388eea8b0002360145eb76627cd73e642ddc429fcc
[debug] [2020-05-30T17:55:02.646Z] [uploadQueue] Retrying task 2c727265c39d7cef423ef091c5cbbcb11a1b04dcbcddc55a6ccbad4fcdb0ecea
[debug] [2020-05-30T17:55:02.846Z] [uploadQueue] Retrying task 6e95e40ca235685198f1a8f624c2300f41a2fd8750bc5d783f35385508e6ac6b
[debug] [2020-05-30T17:55:02.880Z] [uploadQueue] Retrying task 759f3a5eea21226ed62f42ecdc0f445678919f53d773e6ca7c332354eba99355
[debug] [2020-05-30T17:55:02.885Z] [uploadQueue] Retrying task ed7458444bd599b709087f22b42833c057a8073c0bf0d1ea8f56e9a86722ab4e
[debug] [2020-05-30T17:55:02.891Z] [uploadQueue] Retrying task c455ea7ce1d3d31920ede93fbd6cf9dbad98930cd9e361e6db28610d49c2c851
[debug] [2020-05-30T17:55:02.916Z] [uploadQueue] Retrying task ad0a6a01a4dca4555bf6b522d6ce82007cb4d849bfc29b1478d0af282af90344
[debug] [2020-05-30T17:55:02.932Z] [uploadQueue] Retrying task 826c62c37b7c91b92dbf61de891f8f017a24a7349ea85a5c24a54fb2c8f614f2
[debug] [2020-05-30T17:55:03.737Z] [uploadQueue] Retrying task d60f28186a531d622f2267648d50f25a0800ff9dd0e59465f3b49022ae984845
[debug] [2020-05-30T17:55:03.739Z] [uploadQueue] Retrying task 1d9683508f385e0293bf32263a1c61032c432e7cf4e2fee76e37f87e12d1ea5d
[debug] [2020-05-30T17:55:03.739Z] [uploadQueue] Retrying task 76e104fc9c36f3477076bb8f1489ca21e07773b98665c6e6eb677f85e66bbe3d
[debug] [2020-05-30T17:55:03.835Z] [uploadQueue] Retrying task 6f6aade33b990405d4845b0b6c19c1b33012ad600cddd697b8ac3bcbddde4280
[debug] [2020-05-30T17:55:04.015Z] [uploadQueue] Retrying task ca641f728aaf8861f3b451c3dde0585eb836e3cff2a27f5c4e8990b2dd4f69bf
[debug] [2020-05-30T17:55:04.027Z] [uploadQueue] Retrying task 5384f08584fae144195380d49690b5049a5009e85718bc3963317f44d32521a7
[debug] [2020-05-30T17:55:04.365Z] [uploadQueue] Retrying task 873329fbd61272d47f854e1e058f38298436e73fa939ff45cbae51ea0c92d837
[debug] [2020-05-30T17:55:04.654Z] [uploadQueue] Retrying task 338cffae9f6a8b44693acb55236a1b7627c0134f9e1b45ad014cabf96390d89f
[debug] [2020-05-30T17:55:04.657Z] [uploadQueue] Retrying task 5ffc7319af90c78f976978a69af1228fe87a71f8acb8941d7c1ac29e4dcceed6
[debug] [2020-05-30T17:55:04.894Z] [uploadQueue] Retrying task 4fce389f523e30184eade594e205a4608627888c803b988d673c1049b5b96b00
[debug] [2020-05-30T17:55:04.930Z] [uploadQueue] Retrying task 5f743a80acce65cc7a2bb6ccdd54fda26b958f3145dc51633be9f0eb37e3986f
[debug] [2020-05-30T17:55:05.033Z] [uploadQueue] Retrying task 8717ef88fe51039bc3ac128f9ddba0b2184c4806fe6e8dddcb32b3108d4b4edc
[debug] [2020-05-30T17:55:05.072Z] [uploadQueue] Retrying task 4946681e0d36dc1626e4b962a2658f9c4479a71748eafbf0cbe0cd1549f6c260
[debug] [2020-05-30T17:55:05.363Z] [uploadQueue] Retrying task 14be4d524cada6dbfb30bcd2b5cd88b891ed3f2f863dfe61493a38078c129521
[debug] [2020-05-30T17:55:05.722Z] [uploadQueue] Retrying task 6529d686d06a4313f9a264add3536dbad8631af069d5f005190ac8d71220e37c
[debug] [2020-05-30T17:55:05.895Z] [uploadQueue] Retrying task 003294489f16f4aebf0b8a8c96330772b7ad4b20346181d82c20b1b5f77e0dc0
[debug] [2020-05-30T17:55:06.130Z] [uploadQueue] Retrying task 1368f5c4a3916074ab9fee064b7dae49790149eb6ce746b2afa5c8cd049605d2
[debug] [2020-05-30T17:55:06.142Z] [uploadQueue] Retrying task 23e20f3cb76b515603d05b127ad78e9d937ab16946483a670bf2a041d6e76a8d
[debug] [2020-05-30T17:55:06.147Z] [uploadQueue] Retrying task 0daf1edcef3c01b40a1377943062c758a2459103291ffdaf5cbf9a74eeaf7ebb
[debug] [2020-05-30T17:55:06.166Z] [uploadQueue] Retrying task 85ba1027bc7ddc4fa540eda5476a8d576576011466fdbf407af131dee7adf74c
[debug] [2020-05-30T17:55:06.204Z] [uploadQueue] Retrying task 17e6802664e5145b6e3b2b05b11962c165a17ca8f899d10fb6749f1e6742d4a1
[debug] [2020-05-30T17:55:06.322Z] [uploadQueue] Retrying task ae9238fc688e3f890033982bc53141725d7386d50e45f840a4b08017cc3fb76d
[debug] [2020-05-30T17:55:06.326Z] [uploadQueue] Retrying task 733dc814bd68013512c559e2e3b890b610871616938df374077dbd4c7fa6cb81
[debug] [2020-05-30T17:55:06.606Z] [uploadQueue] Retrying task 1fe290bb2bc255f6be5dd2a60ad7173c114a1a141ad6be7e244b722476b1a008
[debug] [2020-05-30T17:55:06.625Z] [uploadQueue] Retrying task ccc2f1f66f922f3f6c7df29d0b856a378646bda6f6a0a02bbeca0a209a23da5b
[debug] [2020-05-30T17:55:06.628Z] [uploadQueue] Retrying task 299f7fb12dc9c51ab18067787bdd50c7604e71b19304a60ee482fd99613eb35b
[debug] [2020-05-30T17:55:06.629Z] [uploadQueue] Retrying task 0ce22ae93a8feed0c1cf7eaa42106dcffce50ae31c910e9b8fc17faef9bbde0b
[debug] [2020-05-30T17:55:06.635Z] [uploadQueue] Retrying task d654e08f234edbe06f03fc871591d126eb12c277608789c64a77940cf781d500
[debug] [2020-05-30T17:55:06.689Z] [uploadQueue] Retrying task 04e80ae0cee915ed65590990374a2545737a4ace79fe26d63a62d09fbe9cccce
[debug] [2020-05-30T17:55:06.690Z] [uploadQueue] Retrying task 25af306b88744ce28dd3dc32b07d212ccf99291b9cc95366fbe88acd00d9ee05
[debug] [2020-05-30T17:55:06.886Z] [uploadQueue] Retrying task c74022372281be349bb294366ae9f612363cfcaac9046eb9196868e238f18689
[debug] [2020-05-30T17:55:07.323Z] [uploadQueue] Retrying task 14067849d74d8aaad0073aa12b6a7ac6447431bc5bcd862602d7b5235e5567fa
[debug] [2020-05-30T17:55:07.446Z] [uploadQueue] Retrying task f4041e796f5789c1b7276bef68f38484565fc2ec6ae7c4c65701e8e028ea5fb9
[debug] [2020-05-30T17:55:07.690Z] [uploadQueue] Retrying task ed6d1d9c19fe8e03331fab749a0820a979aeee8d70c45c76a9e4b755de02657d
[debug] [2020-05-30T17:55:07.764Z] [uploadQueue] Retrying task 2b0d54e50ee9cdf260c8e436893510fe8aaa87244225a4376c44b0bf44e9ca40
[debug] [2020-05-30T17:55:07.773Z] [uploadQueue] Retrying task fb8c75a581d04e440faafe95eb7b75016d7460f917bda20fea5308b1ff33bad9
[debug] [2020-05-30T17:55:07.938Z] [uploadQueue] Retrying task a844a61c6904a3f8b1f1cc86eb98f4b6542a3983675ac9a6c558af0519fd9593
[debug] [2020-05-30T17:55:08.732Z] [uploadQueue] Retrying task 9125c9fff84c85c0061d8622dd5dee686d2091511fd06c7d3f99a0a975b087e7
[debug] [2020-05-30T17:55:08.767Z] [uploadQueue] Retrying task aa3453e657139977eb2a38b317bdeb0736a60d324072cc48c9004648983bc235
[debug] [2020-05-30T17:55:08.768Z] [uploadQueue] Retrying task 68e06692cfac4a05e8d846795076660e95b079699e2ae14fa15d11e0f1073628
[debug] [2020-05-30T17:55:08.819Z] [uploadQueue] Retrying task 2bdd116ed02fc1dbf17af01fdaa52e27d3d1a4d675494612b5f2d88a629a5180
[debug] [2020-05-30T17:55:08.848Z] [uploadQueue] Retrying task 49a3805e4dc29e60971d53ea62e6da6381e6806321e0832e4a4b6cc647a86fb0
[debug] [2020-05-30T17:55:09.026Z] [uploadQueue] Retrying task da6f8082ea803ebf2b78e493808b0f1dc3ca2d382b24483662b95c44fbaa0c95
[debug] [2020-05-30T17:55:09.877Z] [uploadQueue] Retrying task 00dfc099ce0da977b9c311f5168115e6fed03a404b9a009ae29499a016e9a98e
[debug] [2020-05-30T17:55:10.576Z] [uploadQueue] Retrying task e4814170537bf1f1e3c832f51c5111c021c0840f18c464b009e6b4c3bdf6d735
[debug] [2020-05-30T17:55:11.127Z] [uploadQueue] Retrying task 394d740afca8f9eefdb57f4b3051f84b805a6e4fff50c570c3b3766d787cb647
[debug] [2020-05-30T17:55:11.728Z] [uploadQueue] Retrying task 0f2283f601e3f2f2e771cbf76c150afe7b0abe211f4ac2242995e731244e106f
[debug] [2020-05-30T17:55:12.428Z] [uploadQueue] Retrying task 8270281584be7a1fe17293c02b6b615ad2903687734c0e4d06ca8732358e1617
[debug] [2020-05-30T17:55:12.528Z] [uploadQueue] Retrying task 5494f3dda54c73f13f2dc2f08c688af13426814bb78046709db89ae070bc9a7a
[debug] [2020-05-30T17:55:12.530Z] [uploadQueue] Retrying task d85439da4556699010a69c6ecd8f2dbda9ed03ed77ffe2b20b64e8f009f9ee7a
[debug] [2020-05-30T17:55:12.595Z] [uploadQueue] Retrying task ca423d1cdea2ee44c9025e174fb85da5f5d8791d998f26f26f52d5d90cbefc16
[debug] [2020-05-30T17:55:12.800Z] [uploadQueue] Retrying task 4c1fbed7d96d7a835b14a663ea424babdb944f313cca30491839ca9c2785406c
[debug] [2020-05-30T17:55:13.028Z] [uploadQueue] Retrying task a37108d5a973ab84a496d00c557bbfa7ccd9bfda11f43858f109c90753844d2b
[debug] [2020-05-30T17:55:13.030Z] [uploadQueue] Retrying task e5c5db1ed5882b57d5a643bcb47b81c7c9206c94af423b661cdda2c8e01a638a
[debug] [2020-05-30T17:55:13.198Z] [uploadQueue] Retrying task 95b194ecbb1c0f3b4f25fd054e658a5172670429e448c8c877d5637a1541be74
[debug] [2020-05-30T17:55:13.518Z] [uploadQueue] Retrying task 784c9553dfb9b9c0c616656fa60e1b01ad74074ceab38f8a99ee3dcc6e22bd2d
[debug] [2020-05-30T17:55:13.605Z] [uploadQueue] Retrying task 03da1da49f2f424e9aa2ee0395898042bff5226f4f7823a583bfca74dbaaddc5
[debug] [2020-05-30T17:55:13.729Z] [uploadQueue] Retrying task 8b83061d0848f93d6dfed3431c9771c7adeb02cd421b5b204e8a0a90ac6f72c3
[debug] [2020-05-30T17:55:13.740Z] [uploadQueue] Retrying task 44adcd6fffc3bf943db13bfb890d238d596d79f82daa3ad2104328afd2d7a758
[debug] [2020-05-30T17:55:13.934Z] [uploadQueue] Retrying task 9505959573f633bf69733c91d14211418b4e5985f4217563edeabf9403604b5e
[debug] [2020-05-30T17:55:14.006Z] [uploadQueue] Retrying task 7e812468798f5b8ea353eaf3494abeb597c7e5a0eb9910f7893fd419d7f92759
[debug] [2020-05-30T17:55:14.257Z] [uploadQueue] Retrying task 5b72f6279c70f14e2dc5a1f1c9658eefb92a58e57eb71f42167a3e340ccf6e60
[debug] [2020-05-30T17:55:14.269Z] [uploadQueue] Retrying task 6e42d79b35474161193d8d76b61586edcb71609e9b895eb051c0a5236233ba4d
[debug] [2020-05-30T17:55:14.307Z] [uploadQueue] Retrying task 29e7f1073cd5eb3151e1a6f4e8bb335c06e94983adf250733b34ce90b64af280
[debug] [2020-05-30T17:55:14.321Z] [uploadQueue] Retrying task 192bedbbac3aecffdd72eafe8834c0a4ccb4ee379b463d848ff0a36b69a43647
[debug] [2020-05-30T17:55:14.653Z] [uploadQueue] Retrying task 07cbac31dc6beb0a8940c036d6ff031c47570869fa310202b90fc57369a39f7a
[debug] [2020-05-30T17:55:14.654Z] [uploadQueue] Retrying task e70c2d7c50baf0079ca984447247dc1aae5c7e7c1ecb0e6ccb19501c62b1ff1c
[debug] [2020-05-30T17:55:15.103Z] [uploadQueue] Retrying task 2d19bfa1274138b273ec16327fcd8cd42e0ff2f471c9ec57d344e11f4f377bbc
[debug] [2020-05-30T17:55:15.162Z] [uploadQueue] Retrying task b0c3b5af74b32c5148a2a8c856645c330405c5c956c13de1ab4b38db57b21bed
[debug] [2020-05-30T17:55:15.478Z] [uploadQueue] Retrying task cb989f2540c252913f30b503845c8f21993b9cdee9c50f78296e6347287bac79
[debug] [2020-05-30T17:55:15.549Z] [uploadQueue] Retrying task ec60debcd15e703fdc82fc9fb3c65e38fffc036edae759aa8c4795ab5328656e
[debug] [2020-05-30T17:55:15.586Z] [uploadQueue] Retrying task f8d9860ee5e0181c5a193dafaca1b604c87053669447a81adbd6db373de368a8
[debug] [2020-05-30T17:55:15.912Z] [uploadQueue] Retrying task 83886f7659cdab3bc6f05fa32222d111fe32318f123befe4d9e2ec1cbff1cb38
[debug] [2020-05-30T17:55:16.436Z] [uploadQueue] Retrying task 908f224b6c20046aafadb9c2b67757d26a86e99e6de04b36927161e2590cc04d
[debug] [2020-05-30T17:55:16.571Z] [uploadQueue] Retrying task c84d0a8339034e83fac24797432e98baf1ed1154c3962afa3f8cfa6f90272a3e
[debug] [2020-05-30T17:55:16.583Z] [uploadQueue] Retrying task 906f6413bc77409195ff5b5c1d66590182e0afe2b408a01bde68ec5ff8531cf1
[debug] [2020-05-30T17:55:16.624Z] [uploadQueue] Retrying task e96e33e5819cfe80e6ab87c6165f6821c49ab3677e40afa35a6378a54ccac571
[debug] [2020-05-30T17:55:16.626Z] [uploadQueue] Retrying task 60530841a111a69e2e1b9dc7e2e2f3151d7eda64054c1e5fea1537bafecc4fdc
[debug] [2020-05-30T17:55:16.740Z] [uploadQueue] Retrying task 4be71cd3e270688fe87daacced02e540fee4fb27e94d4ec71775a393c8ca75ed
[debug] [2020-05-30T17:55:16.741Z] [uploadQueue] Retrying task 13eef3289288d844a47a75d6cd78d7b1de9257629110fc71374696667ab85b2a
[debug] [2020-05-30T17:55:16.872Z] [uploadQueue] Retrying task a33bf1d951984740c578176ba837b64f914a6ee172eedf88a8d2683fbd91f30b
[debug] [2020-05-30T17:55:16.876Z] [uploadQueue] Retrying task 54dc536706bb47af6520258c75e5aaed3799f5dda2229c798dbdf93fa3e32428
[debug] [2020-05-30T17:55:17.628Z] [uploadQueue] Retrying task 72517ae126a8db8c18279580f27c896003a2ad1c117fc4b1b445f66012e302fb
[debug] [2020-05-30T17:55:17.631Z] [uploadQueue] Retrying task a1a99923e8c9d154e584f902effcfbc07820eb7d2d975aad4a18b62675fca379
[debug] [2020-05-30T17:55:17.632Z] [uploadQueue] Retrying task 73023c5c52a25173dd93bb212078c23cbe5883cc0347bdbf4af2b00952e7f822
[debug] [2020-05-30T17:55:17.634Z] [uploadQueue] Retrying task a16c9aea2f128f99a09138c9548147f76b2861b494d1f70e38b7dcfde92debc3
[debug] [2020-05-30T17:55:17.745Z] [uploadQueue] Retrying task 7008371d6a152191c73afd9aa45755c7cb67e105d996b4737757bac367192379
[debug] [2020-05-30T17:55:17.897Z] [uploadQueue] Retrying task bcaece3e7b17eb0ad42edf28ebde0044536d835824726adeb8418588c676e9c5
[debug] [2020-05-30T17:55:18.300Z] [uploadQueue] Retrying task 793aff3448b5aaea6ca096678a209c64c8c9e39c6143c075704a28ab0e6a40be
[debug] [2020-05-30T17:55:19.194Z] [uploadQueue] Retrying task e51173154790cb294da5be1de41365bac5c356d435cfc175dc61950a037cbc56
[debug] [2020-05-30T17:55:19.240Z] [uploadQueue] Retrying task 9e92f2f86a0fd54cfca0cb1381169001c61c31624de0ceb18f69f26cbec1db5b
[debug] [2020-05-30T17:55:19.567Z] [uploadQueue] Retrying task 5a42e829906b868288543f755590840e685ed9cbc629dac32fb95e4540cc2d37
[debug] [2020-05-30T17:55:19.778Z] [uploadQueue] Retrying task d525e03a7c0565617dafed5562d014b8bcd7801c51a6b07c5761ae76745264dc
[debug] [2020-05-30T17:55:19.874Z] [uploadQueue] Retrying task 75f4f64cce3f2770a7ea454419ee5429d3fa8d3ac086bde90aa96edf23066467
[debug] [2020-05-30T17:55:20.839Z] [uploadQueue] Retrying task 873329fbd61272d47f854e1e058f38298436e73fa939ff45cbae51ea0c92d837
[debug] [2020-05-30T17:55:20.840Z] [uploadQueue] Retrying task 25af306b88744ce28dd3dc32b07d212ccf99291b9cc95366fbe88acd00d9ee05
[debug] [2020-05-30T17:55:20.859Z] [uploadQueue] Retrying task dfe59256ea23701aa18a91d52fd801a35fe509fb7f2919c60210055bd2130c50
[debug] [2020-05-30T17:55:21.027Z] [uploadQueue] Retrying task 348a4eabb3d581a1aac5ef7763483fc74db2b64f5f06589bf5d9c8ce1f5f3f0c
[debug] [2020-05-30T17:55:21.766Z] [uploadQueue] Retrying task 11e52e792c1de6e2a847dc9601c6956a5fb40f75dbf76a65a647bd43bcceeff6
[debug] [2020-05-30T17:55:21.768Z] [uploadQueue] Retrying task 6e81d55b9883b529ec6607ae116091251957fbe2f32e218626524ada1157520d
[debug] [2020-05-30T17:55:22.143Z] [uploadQueue] Retrying task fdf9f693ea5221be013301213ad90d581c1e9446758319c3fdfd87799e6e0ecb
[debug] [2020-05-30T17:55:22.558Z] [uploadQueue] Retrying task 525b427d38c4b8efededcbc03ab7081804e4b74f86f464a90899b9f90ea65107
[debug] [2020-05-30T17:55:22.586Z] [uploadQueue] Retrying task caceeba7f83a5fb1b55b608a2a63bf6cf28e77327f1daf2d474772799e85eadc
[debug] [2020-05-30T17:55:22.644Z] [uploadQueue] Retrying task 34745e423650cde9ae2abbc15d5ff04d652e8a094afe6243206b7591b82e0436
[debug] [2020-05-30T17:55:22.773Z] [uploadQueue] Retrying task 37dd8351f74a6005bcecb6d13fbc3fc79dd843e87472537aaf579a2740107e64
[debug] [2020-05-30T17:55:22.879Z] [uploadQueue] Retrying task 3ba99b1f9307689f34cf854cc8af2ee02d8341d5664ade81010cf3832d4cd4bd
[debug] [2020-05-30T17:55:22.897Z] [uploadQueue] Retrying task 8166760774d0e1b88f3f121c8fdb0b5b2423cf65fc409ff468f234d2dc4e6366
[debug] [2020-05-30T17:55:22.900Z] [uploadQueue] Retrying task 7681826e51f06b3fe1d16caa05b687879ced264f085e19bbf61d958c05421397
[debug] [2020-05-30T17:55:23.177Z] [uploadQueue] Retrying task 043f272bcc794dd6addf04e2ee749bded4a49478d1866023d0cb08d22aa72d4c
[debug] [2020-05-30T17:55:23.488Z] [uploadQueue] Retrying task a411fb44fd57d03efa78ae800c60784a86bff1afb18925dacbd2c16349da596f
